The system is: Linux - 5.10.90 - x86_64
Compiling the C compiler identification source file "CMakeCCompilerId.c" succeeded.
Compiler: /nix/store/gkzmfpb04ddb7phzj8g9sl6saxzprssg-gcc-wrapper-10.3.0/bin/gcc 
Build flags: 
Id flags:  

The output was:
0


Compilation of the C compiler identification source "CMakeCCompilerId.c" produced "a.out"

The C compiler identification is GNU, found in "/home/mateo/coding/raycaster/cmake-build-debug/CMakeFiles/3.21.2/CompilerIdC/a.out"

Compiling the CXX compiler identification source file "CMakeCXXCompilerId.cpp" succeeded.
Compiler: /nix/store/gkzmfpb04ddb7phzj8g9sl6saxzprssg-gcc-wrapper-10.3.0/bin/g++ 
Build flags: 
Id flags:  

The output was:
0


Compilation of the CXX compiler identification source "CMakeCXXCompilerId.cpp" produced "a.out"

The CXX compiler identification is GNU, found in "/home/mateo/coding/raycaster/cmake-build-debug/CMakeFiles/3.21.2/CompilerIdCXX/a.out"

Detecting C compiler ABI info compiled with the following output:
Change Dir: /home/mateo/coding/raycaster/cmake-build-debug/CMakeFiles/CMakeTmp

Run Build Command(s):/nix/store/h4iwyl9sq4myqdji0lbfb91gv44psvyl-gnumake-4.3/bin/make -f Makefile cmTC_eb8d3/fast && /nix/store/h4iwyl9sq4myqdji0lbfb91gv44psvyl-gnumake-4.3/bin/make  -f CMakeFiles/cmTC_eb8d3.dir/build.make CMakeFiles/cmTC_eb8d3.dir/build
make[1]: Entering directory '/home/mateo/coding/raycaster/cmake-build-debug/CMakeFiles/CMakeTmp'
Building C object CMakeFiles/cmTC_eb8d3.dir/CMakeCCompilerABI.c.o
/nix/store/gkzmfpb04ddb7phzj8g9sl6saxzprssg-gcc-wrapper-10.3.0/bin/gcc   -v -o CMakeFiles/cmTC_eb8d3.dir/CMakeCCompilerABI.c.o -c /nix/store/dhc1knjzia7krnbrhrh2yk33nhckk88q-cmake-3.21.2/share/cmake-3.21/Modules/CMakeCCompilerABI.c
Using built-in specs.
COLLECT_GCC=/nix/store/mrqrvina0lfgrvdzfyri7sw9vxy6pyms-gcc-10.3.0/bin/gcc
Target: x86_64-unknown-linux-gnu
Configured with: 
Thread model: posix
Supported LTO compression algorithms: zlib
gcc version 10.3.0 (GCC) 
COLLECT_GCC_OPTIONS='-fPIC' '-Wformat=1' '-Wformat-security' '-Werror=format-security' '-fstack-protector-strong' '--param=ssp-buffer-size=4' '-O2' '-D' '_FORTIFY_SOURCE=2' '-fno-strict-overflow' '-v' '-o' 'CMakeFiles/cmTC_eb8d3.dir/CMakeCCompilerABI.c.o' '-c' '-B' '/nix/store/m756011mkf1i0ki78i8y6ac3gf8qphvi-gcc-10.3.0-lib/lib' '-B' '/nix/store/vjq3q7dq8vmc13c3py97v27qwizvq7fd-glibc-2.33-59/lib/' '-idirafter' '/nix/store/12z1nc5fmif2z7wian28n55j61acbmny-glibc-2.33-59-dev/include' '-idirafter' '/nix/store/mrqrvina0lfgrvdzfyri7sw9vxy6pyms-gcc-10.3.0/lib/gcc/x86_64-unknown-linux-gnu/10.3.0/include-fixed' '-B' '/nix/store/gkzmfpb04ddb7phzj8g9sl6saxzprssg-gcc-wrapper-10.3.0/bin/' '-frandom-seed=9nmhrn2gf3' '-isystem' '/nix/store/j24l44ncxb35wpj7pgdl0gdbqb1s0zi0-fmt-8.0.1-dev/include' '-isystem' '/nix/store/jvr81blj4bqf58624b62dfiq9dgq0y4w-sfml-2.5.1/include' '-isystem' '/nix/store/j24l44ncxb35wpj7pgdl0gdbqb1s0zi0-fmt-8.0.1-dev/include' '-isystem' '/nix/store/jvr81blj4bqf58624b62dfiq9dgq0y4w-sfml-2.5.1/include' '-mtune=generic' '-march=x86-64' '-fcommon'
 /nix/store/mrqrvina0lfgrvdzfyri7sw9vxy6pyms-gcc-10.3.0/libexec/gcc/x86_64-unknown-linux-gnu/10.3.0/cc1 -quiet -v -D _FORTIFY_SOURCE=2 -idirafter /nix/store/12z1nc5fmif2z7wian28n55j61acbmny-glibc-2.33-59-dev/include -idirafter /nix/store/mrqrvina0lfgrvdzfyri7sw9vxy6pyms-gcc-10.3.0/lib/gcc/x86_64-unknown-linux-gnu/10.3.0/include-fixed -isystem /nix/store/j24l44ncxb35wpj7pgdl0gdbqb1s0zi0-fmt-8.0.1-dev/include -isystem /nix/store/jvr81blj4bqf58624b62dfiq9dgq0y4w-sfml-2.5.1/include -isystem /nix/store/j24l44ncxb35wpj7pgdl0gdbqb1s0zi0-fmt-8.0.1-dev/include -isystem /nix/store/jvr81blj4bqf58624b62dfiq9dgq0y4w-sfml-2.5.1/include /nix/store/dhc1knjzia7krnbrhrh2yk33nhckk88q-cmake-3.21.2/share/cmake-3.21/Modules/CMakeCCompilerABI.c -quiet -dumpbase CMakeCCompilerABI.c -mtune=generic -march=x86-64 -auxbase-strip CMakeFiles/cmTC_eb8d3.dir/CMakeCCompilerABI.c.o -O2 -Wformat=1 -Wformat-security -Werror=format-security -version -fPIC -fstack-protector-strong -fno-strict-overflow -frandom-seed=9nmhrn2gf3 -fcommon --param=ssp-buffer-size=4 -o /run/user/1000/ccWAkqpr.s
GNU C17 (GCC) version 10.3.0 (x86_64-unknown-linux-gnu)
	compiled by GNU C version 10.3.0, GMP version 6.2.1, MPFR version 4.1.0, MPC version 1.2.1, isl version isl-0.20-GMP

GGC heuristics: --param ggc-min-expand=100 --param ggc-min-heapsize=131072
ignoring duplicate directory "/nix/store/j24l44ncxb35wpj7pgdl0gdbqb1s0zi0-fmt-8.0.1-dev/include"
ignoring duplicate directory "/nix/store/jvr81blj4bqf58624b62dfiq9dgq0y4w-sfml-2.5.1/include"
ignoring nonexistent directory "/nix/store/mrqrvina0lfgrvdzfyri7sw9vxy6pyms-gcc-10.3.0/lib/gcc/x86_64-unknown-linux-gnu/10.3.0/../../../../x86_64-unknown-linux-gnu/include"
ignoring duplicate directory "/nix/store/12z1nc5fmif2z7wian28n55j61acbmny-glibc-2.33-59-dev/include"
ignoring duplicate directory "/nix/store/mrqrvina0lfgrvdzfyri7sw9vxy6pyms-gcc-10.3.0/lib/gcc/x86_64-unknown-linux-gnu/10.3.0/include-fixed"
#include "..." search starts here:
#include <...> search starts here:
 /nix/store/j24l44ncxb35wpj7pgdl0gdbqb1s0zi0-fmt-8.0.1-dev/include
 /nix/store/jvr81blj4bqf58624b62dfiq9dgq0y4w-sfml-2.5.1/include
 /nix/store/mrqrvina0lfgrvdzfyri7sw9vxy6pyms-gcc-10.3.0/lib/gcc/x86_64-unknown-linux-gnu/10.3.0/include
 /nix/store/mrqrvina0lfgrvdzfyri7sw9vxy6pyms-gcc-10.3.0/include
 /nix/store/mrqrvina0lfgrvdzfyri7sw9vxy6pyms-gcc-10.3.0/lib/gcc/x86_64-unknown-linux-gnu/10.3.0/include-fixed
 /nix/store/12z1nc5fmif2z7wian28n55j61acbmny-glibc-2.33-59-dev/include
End of search list.
GNU C17 (GCC) version 10.3.0 (x86_64-unknown-linux-gnu)
	compiled by GNU C version 10.3.0, GMP version 6.2.1, MPFR version 4.1.0, MPC version 1.2.1, isl version isl-0.20-GMP

GGC heuristics: --param ggc-min-expand=100 --param ggc-min-heapsize=131072
Compiler executable checksum: 82f1f2078da49dba0ff897d430f4b75e
COLLECT_GCC_OPTIONS='-fPIC' '-Wformat=1' '-Wformat-security' '-Werror=format-security' '-fstack-protector-strong' '--param=ssp-buffer-size=4' '-O2' '-D' '_FORTIFY_SOURCE=2' '-fno-strict-overflow' '-v' '-o' 'CMakeFiles/cmTC_eb8d3.dir/CMakeCCompilerABI.c.o' '-c' '-B' '/nix/store/m756011mkf1i0ki78i8y6ac3gf8qphvi-gcc-10.3.0-lib/lib' '-B' '/nix/store/vjq3q7dq8vmc13c3py97v27qwizvq7fd-glibc-2.33-59/lib/' '-idirafter' '/nix/store/12z1nc5fmif2z7wian28n55j61acbmny-glibc-2.33-59-dev/include' '-idirafter' '/nix/store/mrqrvina0lfgrvdzfyri7sw9vxy6pyms-gcc-10.3.0/lib/gcc/x86_64-unknown-linux-gnu/10.3.0/include-fixed' '-B' '/nix/store/gkzmfpb04ddb7phzj8g9sl6saxzprssg-gcc-wrapper-10.3.0/bin/' '-frandom-seed=9nmhrn2gf3' '-isystem' '/nix/store/j24l44ncxb35wpj7pgdl0gdbqb1s0zi0-fmt-8.0.1-dev/include' '-isystem' '/nix/store/jvr81blj4bqf58624b62dfiq9dgq0y4w-sfml-2.5.1/include' '-isystem' '/nix/store/j24l44ncxb35wpj7pgdl0gdbqb1s0zi0-fmt-8.0.1-dev/include' '-isystem' '/nix/store/jvr81blj4bqf58624b62dfiq9dgq0y4w-sfml-2.5.1/include' '-mtune=generic' '-march=x86-64' '-fcommon'
 /nix/store/gkzmfpb04ddb7phzj8g9sl6saxzprssg-gcc-wrapper-10.3.0/bin/as -v --64 -o CMakeFiles/cmTC_eb8d3.dir/CMakeCCompilerABI.c.o /run/user/1000/ccWAkqpr.s
GNU assembler version 2.35.2 (x86_64-unknown-linux-gnu) using BFD version (GNU Binutils) 2.35.2
COMPILER_PATH=/nix/store/m756011mkf1i0ki78i8y6ac3gf8qphvi-gcc-10.3.0-lib/lib/:/nix/store/vjq3q7dq8vmc13c3py97v27qwizvq7fd-glibc-2.33-59/lib/:/nix/store/gkzmfpb04ddb7phzj8g9sl6saxzprssg-gcc-wrapper-10.3.0/bin/:/nix/store/mrqrvina0lfgrvdzfyri7sw9vxy6pyms-gcc-10.3.0/libexec/gcc/x86_64-unknown-linux-gnu/10.3.0/:/nix/store/mrqrvina0lfgrvdzfyri7sw9vxy6pyms-gcc-10.3.0/libexec/gcc/x86_64-unknown-linux-gnu/10.3.0/:/nix/store/mrqrvina0lfgrvdzfyri7sw9vxy6pyms-gcc-10.3.0/libexec/gcc/x86_64-unknown-linux-gnu/:/nix/store/mrqrvina0lfgrvdzfyri7sw9vxy6pyms-gcc-10.3.0/lib/gcc/x86_64-unknown-linux-gnu/10.3.0/:/nix/store/mrqrvina0lfgrvdzfyri7sw9vxy6pyms-gcc-10.3.0/lib/gcc/x86_64-unknown-linux-gnu/
LIBRARY_PATH=/nix/store/m756011mkf1i0ki78i8y6ac3gf8qphvi-gcc-10.3.0-lib/lib/:/nix/store/vjq3q7dq8vmc13c3py97v27qwizvq7fd-glibc-2.33-59/lib/:/nix/store/gkzmfpb04ddb7phzj8g9sl6saxzprssg-gcc-wrapper-10.3.0/bin/:/nix/store/mrqrvina0lfgrvdzfyri7sw9vxy6pyms-gcc-10.3.0/lib/gcc/x86_64-unknown-linux-gnu/10.3.0/:/nix/store/mrqrvina0lfgrvdzfyri7sw9vxy6pyms-gcc-10.3.0/lib/gcc/x86_64-unknown-linux-gnu/10.3.0/../../../../lib64/:/nix/store/mrqrvina0lfgrvdzfyri7sw9vxy6pyms-gcc-10.3.0/lib/gcc/x86_64-unknown-linux-gnu/10.3.0/../../../
COLLECT_GCC_OPTIONS='-fPIC' '-Wformat=1' '-Wformat-security' '-Werror=format-security' '-fstack-protector-strong' '--param=ssp-buffer-size=4' '-O2' '-D' '_FORTIFY_SOURCE=2' '-fno-strict-overflow' '-v' '-o' 'CMakeFiles/cmTC_eb8d3.dir/CMakeCCompilerABI.c.o' '-c' '-B' '/nix/store/m756011mkf1i0ki78i8y6ac3gf8qphvi-gcc-10.3.0-lib/lib' '-B' '/nix/store/vjq3q7dq8vmc13c3py97v27qwizvq7fd-glibc-2.33-59/lib/' '-idirafter' '/nix/store/12z1nc5fmif2z7wian28n55j61acbmny-glibc-2.33-59-dev/include' '-idirafter' '/nix/store/mrqrvina0lfgrvdzfyri7sw9vxy6pyms-gcc-10.3.0/lib/gcc/x86_64-unknown-linux-gnu/10.3.0/include-fixed' '-B' '/nix/store/gkzmfpb04ddb7phzj8g9sl6saxzprssg-gcc-wrapper-10.3.0/bin/' '-frandom-seed=9nmhrn2gf3' '-isystem' '/nix/store/j24l44ncxb35wpj7pgdl0gdbqb1s0zi0-fmt-8.0.1-dev/include' '-isystem' '/nix/store/jvr81blj4bqf58624b62dfiq9dgq0y4w-sfml-2.5.1/include' '-isystem' '/nix/store/j24l44ncxb35wpj7pgdl0gdbqb1s0zi0-fmt-8.0.1-dev/include' '-isystem' '/nix/store/jvr81blj4bqf58624b62dfiq9dgq0y4w-sfml-2.5.1/include' '-mtune=generic' '-march=x86-64' '-fcommon'
Linking C executable cmTC_eb8d3
/nix/store/dhc1knjzia7krnbrhrh2yk33nhckk88q-cmake-3.21.2/bin/cmake -E cmake_link_script CMakeFiles/cmTC_eb8d3.dir/link.txt --verbose=1
/nix/store/gkzmfpb04ddb7phzj8g9sl6saxzprssg-gcc-wrapper-10.3.0/bin/gcc  -v CMakeFiles/cmTC_eb8d3.dir/CMakeCCompilerABI.c.o -o cmTC_eb8d3 
Using built-in specs.
COLLECT_GCC=/nix/store/mrqrvina0lfgrvdzfyri7sw9vxy6pyms-gcc-10.3.0/bin/gcc
COLLECT_LTO_WRAPPER=/nix/store/mrqrvina0lfgrvdzfyri7sw9vxy6pyms-gcc-10.3.0/libexec/gcc/x86_64-unknown-linux-gnu/10.3.0/lto-wrapper
Target: x86_64-unknown-linux-gnu
Configured with: 
Thread model: posix
Supported LTO compression algorithms: zlib
gcc version 10.3.0 (GCC) 
COMPILER_PATH=/nix/store/m756011mkf1i0ki78i8y6ac3gf8qphvi-gcc-10.3.0-lib/lib/:/nix/store/vjq3q7dq8vmc13c3py97v27qwizvq7fd-glibc-2.33-59/lib/:/nix/store/gkzmfpb04ddb7phzj8g9sl6saxzprssg-gcc-wrapper-10.3.0/bin/:/nix/store/mrqrvina0lfgrvdzfyri7sw9vxy6pyms-gcc-10.3.0/libexec/gcc/x86_64-unknown-linux-gnu/10.3.0/:/nix/store/mrqrvina0lfgrvdzfyri7sw9vxy6pyms-gcc-10.3.0/libexec/gcc/x86_64-unknown-linux-gnu/10.3.0/:/nix/store/mrqrvina0lfgrvdzfyri7sw9vxy6pyms-gcc-10.3.0/libexec/gcc/x86_64-unknown-linux-gnu/:/nix/store/mrqrvina0lfgrvdzfyri7sw9vxy6pyms-gcc-10.3.0/lib/gcc/x86_64-unknown-linux-gnu/10.3.0/:/nix/store/mrqrvina0lfgrvdzfyri7sw9vxy6pyms-gcc-10.3.0/lib/gcc/x86_64-unknown-linux-gnu/
LIBRARY_PATH=/nix/store/m756011mkf1i0ki78i8y6ac3gf8qphvi-gcc-10.3.0-lib/lib/:/nix/store/vjq3q7dq8vmc13c3py97v27qwizvq7fd-glibc-2.33-59/lib/:/nix/store/gkzmfpb04ddb7phzj8g9sl6saxzprssg-gcc-wrapper-10.3.0/bin/:/nix/store/mrqrvina0lfgrvdzfyri7sw9vxy6pyms-gcc-10.3.0/lib/gcc/x86_64-unknown-linux-gnu/10.3.0/:/nix/store/mrqrvina0lfgrvdzfyri7sw9vxy6pyms-gcc-10.3.0/lib/gcc/x86_64-unknown-linux-gnu/10.3.0/../../../../lib64/:/nix/store/mrqrvina0lfgrvdzfyri7sw9vxy6pyms-gcc-10.3.0/lib/gcc/x86_64-unknown-linux-gnu/10.3.0/../../../
COLLECT_GCC_OPTIONS='-fPIC' '-Wformat=1' '-Wformat-security' '-Werror=format-security' '-fstack-protector-strong' '--param=ssp-buffer-size=4' '-O2' '-D' '_FORTIFY_SOURCE=2' '-fno-strict-overflow' '-v' '-o' 'cmTC_eb8d3' '-B' '/nix/store/m756011mkf1i0ki78i8y6ac3gf8qphvi-gcc-10.3.0-lib/lib' '-B' '/nix/store/vjq3q7dq8vmc13c3py97v27qwizvq7fd-glibc-2.33-59/lib/' '-idirafter' '/nix/store/12z1nc5fmif2z7wian28n55j61acbmny-glibc-2.33-59-dev/include' '-idirafter' '/nix/store/mrqrvina0lfgrvdzfyri7sw9vxy6pyms-gcc-10.3.0/lib/gcc/x86_64-unknown-linux-gnu/10.3.0/include-fixed' '-B' '/nix/store/gkzmfpb04ddb7phzj8g9sl6saxzprssg-gcc-wrapper-10.3.0/bin/' '-frandom-seed=9nmhrn2gf3' '-isystem' '/nix/store/j24l44ncxb35wpj7pgdl0gdbqb1s0zi0-fmt-8.0.1-dev/include' '-isystem' '/nix/store/jvr81blj4bqf58624b62dfiq9dgq0y4w-sfml-2.5.1/include' '-isystem' '/nix/store/j24l44ncxb35wpj7pgdl0gdbqb1s0zi0-fmt-8.0.1-dev/include' '-isystem' '/nix/store/jvr81blj4bqf58624b62dfiq9dgq0y4w-sfml-2.5.1/include' '-L/nix/store/ds6a2im7vl67bsrcpw4av19kia7cwnm8-fmt-8.0.1/lib' '-L/nix/store/jvr81blj4bqf58624b62dfiq9dgq0y4w-sfml-2.5.1/lib' '-L/nix/store/ds6a2im7vl67bsrcpw4av19kia7cwnm8-fmt-8.0.1/lib' '-L/nix/store/jvr81blj4bqf58624b62dfiq9dgq0y4w-sfml-2.5.1/lib' '-L/nix/store/vjq3q7dq8vmc13c3py97v27qwizvq7fd-glibc-2.33-59/lib' '-L/nix/store/m756011mkf1i0ki78i8y6ac3gf8qphvi-gcc-10.3.0-lib/lib' '-mtune=generic' '-march=x86-64' '-fcommon'
 /nix/store/mrqrvina0lfgrvdzfyri7sw9vxy6pyms-gcc-10.3.0/libexec/gcc/x86_64-unknown-linux-gnu/10.3.0/collect2 -plugin /nix/store/mrqrvina0lfgrvdzfyri7sw9vxy6pyms-gcc-10.3.0/libexec/gcc/x86_64-unknown-linux-gnu/10.3.0/liblto_plugin.so -plugin-opt=/nix/store/mrqrvina0lfgrvdzfyri7sw9vxy6pyms-gcc-10.3.0/libexec/gcc/x86_64-unknown-linux-gnu/10.3.0/lto-wrapper -plugin-opt=-fresolution=/run/user/1000/ccebs6mT.res -plugin-opt=-pass-through=-lgcc -plugin-opt=-pass-through=-lgcc_s -plugin-opt=-pass-through=-lc -plugin-opt=-pass-through=-lgcc -plugin-opt=-pass-through=-lgcc_s --eh-frame-hdr -m elf_x86_64 -dynamic-linker /nix/store/vjq3q7dq8vmc13c3py97v27qwizvq7fd-glibc-2.33-59/lib64/ld-linux-x86-64.so.2 -o cmTC_eb8d3 /nix/store/vjq3q7dq8vmc13c3py97v27qwizvq7fd-glibc-2.33-59/lib/crt1.o /nix/store/vjq3q7dq8vmc13c3py97v27qwizvq7fd-glibc-2.33-59/lib/crti.o /nix/store/mrqrvina0lfgrvdzfyri7sw9vxy6pyms-gcc-10.3.0/lib/gcc/x86_64-unknown-linux-gnu/10.3.0/crtbegin.o -L/nix/store/ds6a2im7vl67bsrcpw4av19kia7cwnm8-fmt-8.0.1/lib -L/nix/store/jvr81blj4bqf58624b62dfiq9dgq0y4w-sfml-2.5.1/lib -L/nix/store/ds6a2im7vl67bsrcpw4av19kia7cwnm8-fmt-8.0.1/lib -L/nix/store/jvr81blj4bqf58624b62dfiq9dgq0y4w-sfml-2.5.1/lib -L/nix/store/vjq3q7dq8vmc13c3py97v27qwizvq7fd-glibc-2.33-59/lib -L/nix/store/m756011mkf1i0ki78i8y6ac3gf8qphvi-gcc-10.3.0-lib/lib -L/nix/store/m756011mkf1i0ki78i8y6ac3gf8qphvi-gcc-10.3.0-lib/lib -L/nix/store/vjq3q7dq8vmc13c3py97v27qwizvq7fd-glibc-2.33-59/lib -L/nix/store/gkzmfpb04ddb7phzj8g9sl6saxzprssg-gcc-wrapper-10.3.0/bin -L/nix/store/mrqrvina0lfgrvdzfyri7sw9vxy6pyms-gcc-10.3.0/lib/gcc/x86_64-unknown-linux-gnu/10.3.0 -L/nix/store/mrqrvina0lfgrvdzfyri7sw9vxy6pyms-gcc-10.3.0/lib/gcc/x86_64-unknown-linux-gnu/10.3.0/../../../../lib64 -L/nix/store/mrqrvina0lfgrvdzfyri7sw9vxy6pyms-gcc-10.3.0/lib/gcc/x86_64-unknown-linux-gnu/10.3.0/../../.. -dynamic-linker=/nix/store/vjq3q7dq8vmc13c3py97v27qwizvq7fd-glibc-2.33-59/lib/ld-linux-x86-64.so.2 CMakeFiles/cmTC_eb8d3.dir/CMakeCCompilerABI.c.o -rpath /nix/store/9nmhrn2gf3x81ch64407qdpm2z7gvgii-nix-shell/lib64 -rpath /nix/store/9nmhrn2gf3x81ch64407qdpm2z7gvgii-nix-shell/lib -lgcc --push-state --as-needed -lgcc_s --pop-state -lc -lgcc --push-state --as-needed -lgcc_s --pop-state /nix/store/mrqrvina0lfgrvdzfyri7sw9vxy6pyms-gcc-10.3.0/lib/gcc/x86_64-unknown-linux-gnu/10.3.0/crtend.o /nix/store/vjq3q7dq8vmc13c3py97v27qwizvq7fd-glibc-2.33-59/lib/crtn.o
COLLECT_GCC_OPTIONS='-fPIC' '-Wformat=1' '-Wformat-security' '-Werror=format-security' '-fstack-protector-strong' '--param=ssp-buffer-size=4' '-O2' '-D' '_FORTIFY_SOURCE=2' '-fno-strict-overflow' '-v' '-o' 'cmTC_eb8d3' '-B' '/nix/store/m756011mkf1i0ki78i8y6ac3gf8qphvi-gcc-10.3.0-lib/lib' '-B' '/nix/store/vjq3q7dq8vmc13c3py97v27qwizvq7fd-glibc-2.33-59/lib/' '-idirafter' '/nix/store/12z1nc5fmif2z7wian28n55j61acbmny-glibc-2.33-59-dev/include' '-idirafter' '/nix/store/mrqrvina0lfgrvdzfyri7sw9vxy6pyms-gcc-10.3.0/lib/gcc/x86_64-unknown-linux-gnu/10.3.0/include-fixed' '-B' '/nix/store/gkzmfpb04ddb7phzj8g9sl6saxzprssg-gcc-wrapper-10.3.0/bin/' '-frandom-seed=9nmhrn2gf3' '-isystem' '/nix/store/j24l44ncxb35wpj7pgdl0gdbqb1s0zi0-fmt-8.0.1-dev/include' '-isystem' '/nix/store/jvr81blj4bqf58624b62dfiq9dgq0y4w-sfml-2.5.1/include' '-isystem' '/nix/store/j24l44ncxb35wpj7pgdl0gdbqb1s0zi0-fmt-8.0.1-dev/include' '-isystem' '/nix/store/jvr81blj4bqf58624b62dfiq9dgq0y4w-sfml-2.5.1/include' '-L/nix/store/ds6a2im7vl67bsrcpw4av19kia7cwnm8-fmt-8.0.1/lib' '-L/nix/store/jvr81blj4bqf58624b62dfiq9dgq0y4w-sfml-2.5.1/lib' '-L/nix/store/ds6a2im7vl67bsrcpw4av19kia7cwnm8-fmt-8.0.1/lib' '-L/nix/store/jvr81blj4bqf58624b62dfiq9dgq0y4w-sfml-2.5.1/lib' '-L/nix/store/vjq3q7dq8vmc13c3py97v27qwizvq7fd-glibc-2.33-59/lib' '-L/nix/store/m756011mkf1i0ki78i8y6ac3gf8qphvi-gcc-10.3.0-lib/lib' '-mtune=generic' '-march=x86-64' '-fcommon'
make[1]: Leaving directory '/home/mateo/coding/raycaster/cmake-build-debug/CMakeFiles/CMakeTmp'



Parsed C implicit include dir info from above output: rv=done
  found start of include info
  found start of implicit include info
    add: [/nix/store/j24l44ncxb35wpj7pgdl0gdbqb1s0zi0-fmt-8.0.1-dev/include]
    add: [/nix/store/jvr81blj4bqf58624b62dfiq9dgq0y4w-sfml-2.5.1/include]
    add: [/nix/store/mrqrvina0lfgrvdzfyri7sw9vxy6pyms-gcc-10.3.0/lib/gcc/x86_64-unknown-linux-gnu/10.3.0/include]
    add: [/nix/store/mrqrvina0lfgrvdzfyri7sw9vxy6pyms-gcc-10.3.0/include]
    add: [/nix/store/mrqrvina0lfgrvdzfyri7sw9vxy6pyms-gcc-10.3.0/lib/gcc/x86_64-unknown-linux-gnu/10.3.0/include-fixed]
    add: [/nix/store/12z1nc5fmif2z7wian28n55j61acbmny-glibc-2.33-59-dev/include]
  end of search list found
  collapse include dir [/nix/store/j24l44ncxb35wpj7pgdl0gdbqb1s0zi0-fmt-8.0.1-dev/include] ==> [/nix/store/j24l44ncxb35wpj7pgdl0gdbqb1s0zi0-fmt-8.0.1-dev/include]
  collapse include dir [/nix/store/jvr81blj4bqf58624b62dfiq9dgq0y4w-sfml-2.5.1/include] ==> [/nix/store/jvr81blj4bqf58624b62dfiq9dgq0y4w-sfml-2.5.1/include]
  collapse include dir [/nix/store/mrqrvina0lfgrvdzfyri7sw9vxy6pyms-gcc-10.3.0/lib/gcc/x86_64-unknown-linux-gnu/10.3.0/include] ==> [/nix/store/mrqrvina0lfgrvdzfyri7sw9vxy6pyms-gcc-10.3.0/lib/gcc/x86_64-unknown-linux-gnu/10.3.0/include]
  collapse include dir [/nix/store/mrqrvina0lfgrvdzfyri7sw9vxy6pyms-gcc-10.3.0/include] ==> [/nix/store/mrqrvina0lfgrvdzfyri7sw9vxy6pyms-gcc-10.3.0/include]
  collapse include dir [/nix/store/mrqrvina0lfgrvdzfyri7sw9vxy6pyms-gcc-10.3.0/lib/gcc/x86_64-unknown-linux-gnu/10.3.0/include-fixed] ==> [/nix/store/mrqrvina0lfgrvdzfyri7sw9vxy6pyms-gcc-10.3.0/lib/gcc/x86_64-unknown-linux-gnu/10.3.0/include-fixed]
  collapse include dir [/nix/store/12z1nc5fmif2z7wian28n55j61acbmny-glibc-2.33-59-dev/include] ==> [/nix/store/12z1nc5fmif2z7wian28n55j61acbmny-glibc-2.33-59-dev/include]
  implicit include dirs: [/nix/store/j24l44ncxb35wpj7pgdl0gdbqb1s0zi0-fmt-8.0.1-dev/include;/nix/store/jvr81blj4bqf58624b62dfiq9dgq0y4w-sfml-2.5.1/include;/nix/store/mrqrvina0lfgrvdzfyri7sw9vxy6pyms-gcc-10.3.0/lib/gcc/x86_64-unknown-linux-gnu/10.3.0/include;/nix/store/mrqrvina0lfgrvdzfyri7sw9vxy6pyms-gcc-10.3.0/include;/nix/store/mrqrvina0lfgrvdzfyri7sw9vxy6pyms-gcc-10.3.0/lib/gcc/x86_64-unknown-linux-gnu/10.3.0/include-fixed;/nix/store/12z1nc5fmif2z7wian28n55j61acbmny-glibc-2.33-59-dev/include]


Parsed C implicit link information from above output:
  link line regex: [^( *|.*[/\])(ld|CMAKE_LINK_STARTFILE-NOTFOUND|([^/\]+-)?ld|collect2)[^/\]*( |$)]
  ignore line: [Change Dir: /home/mateo/coding/raycaster/cmake-build-debug/CMakeFiles/CMakeTmp]
  ignore line: []
  ignore line: [Run Build Command(s):/nix/store/h4iwyl9sq4myqdji0lbfb91gv44psvyl-gnumake-4.3/bin/make -f Makefile cmTC_eb8d3/fast && /nix/store/h4iwyl9sq4myqdji0lbfb91gv44psvyl-gnumake-4.3/bin/make  -f CMakeFiles/cmTC_eb8d3.dir/build.make CMakeFiles/cmTC_eb8d3.dir/build]
  ignore line: [make[1]: Entering directory '/home/mateo/coding/raycaster/cmake-build-debug/CMakeFiles/CMakeTmp']
  ignore line: [Building C object CMakeFiles/cmTC_eb8d3.dir/CMakeCCompilerABI.c.o]
  ignore line: [/nix/store/gkzmfpb04ddb7phzj8g9sl6saxzprssg-gcc-wrapper-10.3.0/bin/gcc   -v -o CMakeFiles/cmTC_eb8d3.dir/CMakeCCompilerABI.c.o -c /nix/store/dhc1knjzia7krnbrhrh2yk33nhckk88q-cmake-3.21.2/share/cmake-3.21/Modules/CMakeCCompilerABI.c]
  ignore line: [Using built-in specs.]
  ignore line: [COLLECT_GCC=/nix/store/mrqrvina0lfgrvdzfyri7sw9vxy6pyms-gcc-10.3.0/bin/gcc]
  ignore line: [Target: x86_64-unknown-linux-gnu]
  ignore line: [Configured with: ]
  ignore line: [Thread model: posix]
  ignore line: [Supported LTO compression algorithms: zlib]
  ignore line: [gcc version 10.3.0 (GCC) ]
  ignore line: [COLLECT_GCC_OPTIONS='-fPIC' '-Wformat=1' '-Wformat-security' '-Werror=format-security' '-fstack-protector-strong' '--param=ssp-buffer-size=4' '-O2' '-D' '_FORTIFY_SOURCE=2' '-fno-strict-overflow' '-v' '-o' 'CMakeFiles/cmTC_eb8d3.dir/CMakeCCompilerABI.c.o' '-c' '-B' '/nix/store/m756011mkf1i0ki78i8y6ac3gf8qphvi-gcc-10.3.0-lib/lib' '-B' '/nix/store/vjq3q7dq8vmc13c3py97v27qwizvq7fd-glibc-2.33-59/lib/' '-idirafter' '/nix/store/12z1nc5fmif2z7wian28n55j61acbmny-glibc-2.33-59-dev/include' '-idirafter' '/nix/store/mrqrvina0lfgrvdzfyri7sw9vxy6pyms-gcc-10.3.0/lib/gcc/x86_64-unknown-linux-gnu/10.3.0/include-fixed' '-B' '/nix/store/gkzmfpb04ddb7phzj8g9sl6saxzprssg-gcc-wrapper-10.3.0/bin/' '-frandom-seed=9nmhrn2gf3' '-isystem' '/nix/store/j24l44ncxb35wpj7pgdl0gdbqb1s0zi0-fmt-8.0.1-dev/include' '-isystem' '/nix/store/jvr81blj4bqf58624b62dfiq9dgq0y4w-sfml-2.5.1/include' '-isystem' '/nix/store/j24l44ncxb35wpj7pgdl0gdbqb1s0zi0-fmt-8.0.1-dev/include' '-isystem' '/nix/store/jvr81blj4bqf58624b62dfiq9dgq0y4w-sfml-2.5.1/include' '-mtune=generic' '-march=x86-64' '-fcommon']
  ignore line: [ /nix/store/mrqrvina0lfgrvdzfyri7sw9vxy6pyms-gcc-10.3.0/libexec/gcc/x86_64-unknown-linux-gnu/10.3.0/cc1 -quiet -v -D _FORTIFY_SOURCE=2 -idirafter /nix/store/12z1nc5fmif2z7wian28n55j61acbmny-glibc-2.33-59-dev/include -idirafter /nix/store/mrqrvina0lfgrvdzfyri7sw9vxy6pyms-gcc-10.3.0/lib/gcc/x86_64-unknown-linux-gnu/10.3.0/include-fixed -isystem /nix/store/j24l44ncxb35wpj7pgdl0gdbqb1s0zi0-fmt-8.0.1-dev/include -isystem /nix/store/jvr81blj4bqf58624b62dfiq9dgq0y4w-sfml-2.5.1/include -isystem /nix/store/j24l44ncxb35wpj7pgdl0gdbqb1s0zi0-fmt-8.0.1-dev/include -isystem /nix/store/jvr81blj4bqf58624b62dfiq9dgq0y4w-sfml-2.5.1/include /nix/store/dhc1knjzia7krnbrhrh2yk33nhckk88q-cmake-3.21.2/share/cmake-3.21/Modules/CMakeCCompilerABI.c -quiet -dumpbase CMakeCCompilerABI.c -mtune=generic -march=x86-64 -auxbase-strip CMakeFiles/cmTC_eb8d3.dir/CMakeCCompilerABI.c.o -O2 -Wformat=1 -Wformat-security -Werror=format-security -version -fPIC -fstack-protector-strong -fno-strict-overflow -frandom-seed=9nmhrn2gf3 -fcommon --param=ssp-buffer-size=4 -o /run/user/1000/ccWAkqpr.s]
  ignore line: [GNU C17 (GCC) version 10.3.0 (x86_64-unknown-linux-gnu)]
  ignore line: [	compiled by GNU C version 10.3.0  GMP version 6.2.1  MPFR version 4.1.0  MPC version 1.2.1  isl version isl-0.20-GMP]
  ignore line: []
  ignore line: [GGC heuristics: --param ggc-min-expand=100 --param ggc-min-heapsize=131072]
  ignore line: [ignoring duplicate directory "/nix/store/j24l44ncxb35wpj7pgdl0gdbqb1s0zi0-fmt-8.0.1-dev/include"]
  ignore line: [ignoring duplicate directory "/nix/store/jvr81blj4bqf58624b62dfiq9dgq0y4w-sfml-2.5.1/include"]
  ignore line: [ignoring nonexistent directory "/nix/store/mrqrvina0lfgrvdzfyri7sw9vxy6pyms-gcc-10.3.0/lib/gcc/x86_64-unknown-linux-gnu/10.3.0/../../../../x86_64-unknown-linux-gnu/include"]
  ignore line: [ignoring duplicate directory "/nix/store/12z1nc5fmif2z7wian28n55j61acbmny-glibc-2.33-59-dev/include"]
  ignore line: [ignoring duplicate directory "/nix/store/mrqrvina0lfgrvdzfyri7sw9vxy6pyms-gcc-10.3.0/lib/gcc/x86_64-unknown-linux-gnu/10.3.0/include-fixed"]
  ignore line: [#include "..." search starts here:]
  ignore line: [#include <...> search starts here:]
  ignore line: [ /nix/store/j24l44ncxb35wpj7pgdl0gdbqb1s0zi0-fmt-8.0.1-dev/include]
  ignore line: [ /nix/store/jvr81blj4bqf58624b62dfiq9dgq0y4w-sfml-2.5.1/include]
  ignore line: [ /nix/store/mrqrvina0lfgrvdzfyri7sw9vxy6pyms-gcc-10.3.0/lib/gcc/x86_64-unknown-linux-gnu/10.3.0/include]
  ignore line: [ /nix/store/mrqrvina0lfgrvdzfyri7sw9vxy6pyms-gcc-10.3.0/include]
  ignore line: [ /nix/store/mrqrvina0lfgrvdzfyri7sw9vxy6pyms-gcc-10.3.0/lib/gcc/x86_64-unknown-linux-gnu/10.3.0/include-fixed]
  ignore line: [ /nix/store/12z1nc5fmif2z7wian28n55j61acbmny-glibc-2.33-59-dev/include]
  ignore line: [End of search list.]
  ignore line: [GNU C17 (GCC) version 10.3.0 (x86_64-unknown-linux-gnu)]
  ignore line: [	compiled by GNU C version 10.3.0  GMP version 6.2.1  MPFR version 4.1.0  MPC version 1.2.1  isl version isl-0.20-GMP]
  ignore line: []
  ignore line: [GGC heuristics: --param ggc-min-expand=100 --param ggc-min-heapsize=131072]
  ignore line: [Compiler executable checksum: 82f1f2078da49dba0ff897d430f4b75e]
  ignore line: [COLLECT_GCC_OPTIONS='-fPIC' '-Wformat=1' '-Wformat-security' '-Werror=format-security' '-fstack-protector-strong' '--param=ssp-buffer-size=4' '-O2' '-D' '_FORTIFY_SOURCE=2' '-fno-strict-overflow' '-v' '-o' 'CMakeFiles/cmTC_eb8d3.dir/CMakeCCompilerABI.c.o' '-c' '-B' '/nix/store/m756011mkf1i0ki78i8y6ac3gf8qphvi-gcc-10.3.0-lib/lib' '-B' '/nix/store/vjq3q7dq8vmc13c3py97v27qwizvq7fd-glibc-2.33-59/lib/' '-idirafter' '/nix/store/12z1nc5fmif2z7wian28n55j61acbmny-glibc-2.33-59-dev/include' '-idirafter' '/nix/store/mrqrvina0lfgrvdzfyri7sw9vxy6pyms-gcc-10.3.0/lib/gcc/x86_64-unknown-linux-gnu/10.3.0/include-fixed' '-B' '/nix/store/gkzmfpb04ddb7phzj8g9sl6saxzprssg-gcc-wrapper-10.3.0/bin/' '-frandom-seed=9nmhrn2gf3' '-isystem' '/nix/store/j24l44ncxb35wpj7pgdl0gdbqb1s0zi0-fmt-8.0.1-dev/include' '-isystem' '/nix/store/jvr81blj4bqf58624b62dfiq9dgq0y4w-sfml-2.5.1/include' '-isystem' '/nix/store/j24l44ncxb35wpj7pgdl0gdbqb1s0zi0-fmt-8.0.1-dev/include' '-isystem' '/nix/store/jvr81blj4bqf58624b62dfiq9dgq0y4w-sfml-2.5.1/include' '-mtune=generic' '-march=x86-64' '-fcommon']
  ignore line: [ /nix/store/gkzmfpb04ddb7phzj8g9sl6saxzprssg-gcc-wrapper-10.3.0/bin/as -v --64 -o CMakeFiles/cmTC_eb8d3.dir/CMakeCCompilerABI.c.o /run/user/1000/ccWAkqpr.s]
  ignore line: [GNU assembler version 2.35.2 (x86_64-unknown-linux-gnu) using BFD version (GNU Binutils) 2.35.2]
  ignore line: [COMPILER_PATH=/nix/store/m756011mkf1i0ki78i8y6ac3gf8qphvi-gcc-10.3.0-lib/lib/:/nix/store/vjq3q7dq8vmc13c3py97v27qwizvq7fd-glibc-2.33-59/lib/:/nix/store/gkzmfpb04ddb7phzj8g9sl6saxzprssg-gcc-wrapper-10.3.0/bin/:/nix/store/mrqrvina0lfgrvdzfyri7sw9vxy6pyms-gcc-10.3.0/libexec/gcc/x86_64-unknown-linux-gnu/10.3.0/:/nix/store/mrqrvina0lfgrvdzfyri7sw9vxy6pyms-gcc-10.3.0/libexec/gcc/x86_64-unknown-linux-gnu/10.3.0/:/nix/store/mrqrvina0lfgrvdzfyri7sw9vxy6pyms-gcc-10.3.0/libexec/gcc/x86_64-unknown-linux-gnu/:/nix/store/mrqrvina0lfgrvdzfyri7sw9vxy6pyms-gcc-10.3.0/lib/gcc/x86_64-unknown-linux-gnu/10.3.0/:/nix/store/mrqrvina0lfgrvdzfyri7sw9vxy6pyms-gcc-10.3.0/lib/gcc/x86_64-unknown-linux-gnu/]
  ignore line: [LIBRARY_PATH=/nix/store/m756011mkf1i0ki78i8y6ac3gf8qphvi-gcc-10.3.0-lib/lib/:/nix/store/vjq3q7dq8vmc13c3py97v27qwizvq7fd-glibc-2.33-59/lib/:/nix/store/gkzmfpb04ddb7phzj8g9sl6saxzprssg-gcc-wrapper-10.3.0/bin/:/nix/store/mrqrvina0lfgrvdzfyri7sw9vxy6pyms-gcc-10.3.0/lib/gcc/x86_64-unknown-linux-gnu/10.3.0/:/nix/store/mrqrvina0lfgrvdzfyri7sw9vxy6pyms-gcc-10.3.0/lib/gcc/x86_64-unknown-linux-gnu/10.3.0/../../../../lib64/:/nix/store/mrqrvina0lfgrvdzfyri7sw9vxy6pyms-gcc-10.3.0/lib/gcc/x86_64-unknown-linux-gnu/10.3.0/../../../]
  ignore line: [COLLECT_GCC_OPTIONS='-fPIC' '-Wformat=1' '-Wformat-security' '-Werror=format-security' '-fstack-protector-strong' '--param=ssp-buffer-size=4' '-O2' '-D' '_FORTIFY_SOURCE=2' '-fno-strict-overflow' '-v' '-o' 'CMakeFiles/cmTC_eb8d3.dir/CMakeCCompilerABI.c.o' '-c' '-B' '/nix/store/m756011mkf1i0ki78i8y6ac3gf8qphvi-gcc-10.3.0-lib/lib' '-B' '/nix/store/vjq3q7dq8vmc13c3py97v27qwizvq7fd-glibc-2.33-59/lib/' '-idirafter' '/nix/store/12z1nc5fmif2z7wian28n55j61acbmny-glibc-2.33-59-dev/include' '-idirafter' '/nix/store/mrqrvina0lfgrvdzfyri7sw9vxy6pyms-gcc-10.3.0/lib/gcc/x86_64-unknown-linux-gnu/10.3.0/include-fixed' '-B' '/nix/store/gkzmfpb04ddb7phzj8g9sl6saxzprssg-gcc-wrapper-10.3.0/bin/' '-frandom-seed=9nmhrn2gf3' '-isystem' '/nix/store/j24l44ncxb35wpj7pgdl0gdbqb1s0zi0-fmt-8.0.1-dev/include' '-isystem' '/nix/store/jvr81blj4bqf58624b62dfiq9dgq0y4w-sfml-2.5.1/include' '-isystem' '/nix/store/j24l44ncxb35wpj7pgdl0gdbqb1s0zi0-fmt-8.0.1-dev/include' '-isystem' '/nix/store/jvr81blj4bqf58624b62dfiq9dgq0y4w-sfml-2.5.1/include' '-mtune=generic' '-march=x86-64' '-fcommon']
  ignore line: [Linking C executable cmTC_eb8d3]
  ignore line: [/nix/store/dhc1knjzia7krnbrhrh2yk33nhckk88q-cmake-3.21.2/bin/cmake -E cmake_link_script CMakeFiles/cmTC_eb8d3.dir/link.txt --verbose=1]
  ignore line: [/nix/store/gkzmfpb04ddb7phzj8g9sl6saxzprssg-gcc-wrapper-10.3.0/bin/gcc  -v CMakeFiles/cmTC_eb8d3.dir/CMakeCCompilerABI.c.o -o cmTC_eb8d3 ]
  ignore line: [Using built-in specs.]
  ignore line: [COLLECT_GCC=/nix/store/mrqrvina0lfgrvdzfyri7sw9vxy6pyms-gcc-10.3.0/bin/gcc]
  ignore line: [COLLECT_LTO_WRAPPER=/nix/store/mrqrvina0lfgrvdzfyri7sw9vxy6pyms-gcc-10.3.0/libexec/gcc/x86_64-unknown-linux-gnu/10.3.0/lto-wrapper]
  ignore line: [Target: x86_64-unknown-linux-gnu]
  ignore line: [Configured with: ]
  ignore line: [Thread model: posix]
  ignore line: [Supported LTO compression algorithms: zlib]
  ignore line: [gcc version 10.3.0 (GCC) ]
  ignore line: [COMPILER_PATH=/nix/store/m756011mkf1i0ki78i8y6ac3gf8qphvi-gcc-10.3.0-lib/lib/:/nix/store/vjq3q7dq8vmc13c3py97v27qwizvq7fd-glibc-2.33-59/lib/:/nix/store/gkzmfpb04ddb7phzj8g9sl6saxzprssg-gcc-wrapper-10.3.0/bin/:/nix/store/mrqrvina0lfgrvdzfyri7sw9vxy6pyms-gcc-10.3.0/libexec/gcc/x86_64-unknown-linux-gnu/10.3.0/:/nix/store/mrqrvina0lfgrvdzfyri7sw9vxy6pyms-gcc-10.3.0/libexec/gcc/x86_64-unknown-linux-gnu/10.3.0/:/nix/store/mrqrvina0lfgrvdzfyri7sw9vxy6pyms-gcc-10.3.0/libexec/gcc/x86_64-unknown-linux-gnu/:/nix/store/mrqrvina0lfgrvdzfyri7sw9vxy6pyms-gcc-10.3.0/lib/gcc/x86_64-unknown-linux-gnu/10.3.0/:/nix/store/mrqrvina0lfgrvdzfyri7sw9vxy6pyms-gcc-10.3.0/lib/gcc/x86_64-unknown-linux-gnu/]
  ignore line: [LIBRARY_PATH=/nix/store/m756011mkf1i0ki78i8y6ac3gf8qphvi-gcc-10.3.0-lib/lib/:/nix/store/vjq3q7dq8vmc13c3py97v27qwizvq7fd-glibc-2.33-59/lib/:/nix/store/gkzmfpb04ddb7phzj8g9sl6saxzprssg-gcc-wrapper-10.3.0/bin/:/nix/store/mrqrvina0lfgrvdzfyri7sw9vxy6pyms-gcc-10.3.0/lib/gcc/x86_64-unknown-linux-gnu/10.3.0/:/nix/store/mrqrvina0lfgrvdzfyri7sw9vxy6pyms-gcc-10.3.0/lib/gcc/x86_64-unknown-linux-gnu/10.3.0/../../../../lib64/:/nix/store/mrqrvina0lfgrvdzfyri7sw9vxy6pyms-gcc-10.3.0/lib/gcc/x86_64-unknown-linux-gnu/10.3.0/../../../]
  ignore line: [COLLECT_GCC_OPTIONS='-fPIC' '-Wformat=1' '-Wformat-security' '-Werror=format-security' '-fstack-protector-strong' '--param=ssp-buffer-size=4' '-O2' '-D' '_FORTIFY_SOURCE=2' '-fno-strict-overflow' '-v' '-o' 'cmTC_eb8d3' '-B' '/nix/store/m756011mkf1i0ki78i8y6ac3gf8qphvi-gcc-10.3.0-lib/lib' '-B' '/nix/store/vjq3q7dq8vmc13c3py97v27qwizvq7fd-glibc-2.33-59/lib/' '-idirafter' '/nix/store/12z1nc5fmif2z7wian28n55j61acbmny-glibc-2.33-59-dev/include' '-idirafter' '/nix/store/mrqrvina0lfgrvdzfyri7sw9vxy6pyms-gcc-10.3.0/lib/gcc/x86_64-unknown-linux-gnu/10.3.0/include-fixed' '-B' '/nix/store/gkzmfpb04ddb7phzj8g9sl6saxzprssg-gcc-wrapper-10.3.0/bin/' '-frandom-seed=9nmhrn2gf3' '-isystem' '/nix/store/j24l44ncxb35wpj7pgdl0gdbqb1s0zi0-fmt-8.0.1-dev/include' '-isystem' '/nix/store/jvr81blj4bqf58624b62dfiq9dgq0y4w-sfml-2.5.1/include' '-isystem' '/nix/store/j24l44ncxb35wpj7pgdl0gdbqb1s0zi0-fmt-8.0.1-dev/include' '-isystem' '/nix/store/jvr81blj4bqf58624b62dfiq9dgq0y4w-sfml-2.5.1/include' '-L/nix/store/ds6a2im7vl67bsrcpw4av19kia7cwnm8-fmt-8.0.1/lib' '-L/nix/store/jvr81blj4bqf58624b62dfiq9dgq0y4w-sfml-2.5.1/lib' '-L/nix/store/ds6a2im7vl67bsrcpw4av19kia7cwnm8-fmt-8.0.1/lib' '-L/nix/store/jvr81blj4bqf58624b62dfiq9dgq0y4w-sfml-2.5.1/lib' '-L/nix/store/vjq3q7dq8vmc13c3py97v27qwizvq7fd-glibc-2.33-59/lib' '-L/nix/store/m756011mkf1i0ki78i8y6ac3gf8qphvi-gcc-10.3.0-lib/lib' '-mtune=generic' '-march=x86-64' '-fcommon']
  link line: [ /nix/store/mrqrvina0lfgrvdzfyri7sw9vxy6pyms-gcc-10.3.0/libexec/gcc/x86_64-unknown-linux-gnu/10.3.0/collect2 -plugin /nix/store/mrqrvina0lfgrvdzfyri7sw9vxy6pyms-gcc-10.3.0/libexec/gcc/x86_64-unknown-linux-gnu/10.3.0/liblto_plugin.so -plugin-opt=/nix/store/mrqrvina0lfgrvdzfyri7sw9vxy6pyms-gcc-10.3.0/libexec/gcc/x86_64-unknown-linux-gnu/10.3.0/lto-wrapper -plugin-opt=-fresolution=/run/user/1000/ccebs6mT.res -plugin-opt=-pass-through=-lgcc -plugin-opt=-pass-through=-lgcc_s -plugin-opt=-pass-through=-lc -plugin-opt=-pass-through=-lgcc -plugin-opt=-pass-through=-lgcc_s --eh-frame-hdr -m elf_x86_64 -dynamic-linker /nix/store/vjq3q7dq8vmc13c3py97v27qwizvq7fd-glibc-2.33-59/lib64/ld-linux-x86-64.so.2 -o cmTC_eb8d3 /nix/store/vjq3q7dq8vmc13c3py97v27qwizvq7fd-glibc-2.33-59/lib/crt1.o /nix/store/vjq3q7dq8vmc13c3py97v27qwizvq7fd-glibc-2.33-59/lib/crti.o /nix/store/mrqrvina0lfgrvdzfyri7sw9vxy6pyms-gcc-10.3.0/lib/gcc/x86_64-unknown-linux-gnu/10.3.0/crtbegin.o -L/nix/store/ds6a2im7vl67bsrcpw4av19kia7cwnm8-fmt-8.0.1/lib -L/nix/store/jvr81blj4bqf58624b62dfiq9dgq0y4w-sfml-2.5.1/lib -L/nix/store/ds6a2im7vl67bsrcpw4av19kia7cwnm8-fmt-8.0.1/lib -L/nix/store/jvr81blj4bqf58624b62dfiq9dgq0y4w-sfml-2.5.1/lib -L/nix/store/vjq3q7dq8vmc13c3py97v27qwizvq7fd-glibc-2.33-59/lib -L/nix/store/m756011mkf1i0ki78i8y6ac3gf8qphvi-gcc-10.3.0-lib/lib -L/nix/store/m756011mkf1i0ki78i8y6ac3gf8qphvi-gcc-10.3.0-lib/lib -L/nix/store/vjq3q7dq8vmc13c3py97v27qwizvq7fd-glibc-2.33-59/lib -L/nix/store/gkzmfpb04ddb7phzj8g9sl6saxzprssg-gcc-wrapper-10.3.0/bin -L/nix/store/mrqrvina0lfgrvdzfyri7sw9vxy6pyms-gcc-10.3.0/lib/gcc/x86_64-unknown-linux-gnu/10.3.0 -L/nix/store/mrqrvina0lfgrvdzfyri7sw9vxy6pyms-gcc-10.3.0/lib/gcc/x86_64-unknown-linux-gnu/10.3.0/../../../../lib64 -L/nix/store/mrqrvina0lfgrvdzfyri7sw9vxy6pyms-gcc-10.3.0/lib/gcc/x86_64-unknown-linux-gnu/10.3.0/../../.. -dynamic-linker=/nix/store/vjq3q7dq8vmc13c3py97v27qwizvq7fd-glibc-2.33-59/lib/ld-linux-x86-64.so.2 CMakeFiles/cmTC_eb8d3.dir/CMakeCCompilerABI.c.o -rpath /nix/store/9nmhrn2gf3x81ch64407qdpm2z7gvgii-nix-shell/lib64 -rpath /nix/store/9nmhrn2gf3x81ch64407qdpm2z7gvgii-nix-shell/lib -lgcc --push-state --as-needed -lgcc_s --pop-state -lc -lgcc --push-state --as-needed -lgcc_s --pop-state /nix/store/mrqrvina0lfgrvdzfyri7sw9vxy6pyms-gcc-10.3.0/lib/gcc/x86_64-unknown-linux-gnu/10.3.0/crtend.o /nix/store/vjq3q7dq8vmc13c3py97v27qwizvq7fd-glibc-2.33-59/lib/crtn.o]
    arg [/nix/store/mrqrvina0lfgrvdzfyri7sw9vxy6pyms-gcc-10.3.0/libexec/gcc/x86_64-unknown-linux-gnu/10.3.0/collect2] ==> ignore
    arg [-plugin] ==> ignore
    arg [/nix/store/mrqrvina0lfgrvdzfyri7sw9vxy6pyms-gcc-10.3.0/libexec/gcc/x86_64-unknown-linux-gnu/10.3.0/liblto_plugin.so] ==> ignore
    arg [-plugin-opt=/nix/store/mrqrvina0lfgrvdzfyri7sw9vxy6pyms-gcc-10.3.0/libexec/gcc/x86_64-unknown-linux-gnu/10.3.0/lto-wrapper] ==> ignore
    arg [-plugin-opt=-fresolution=/run/user/1000/ccebs6mT.res] ==> ignore
    arg [-plugin-opt=-pass-through=-lgcc] ==> ignore
    arg [-plugin-opt=-pass-through=-lgcc_s] ==> ignore
    arg [-plugin-opt=-pass-through=-lc] ==> ignore
    arg [-plugin-opt=-pass-through=-lgcc] ==> ignore
    arg [-plugin-opt=-pass-through=-lgcc_s] ==> ignore
    arg [--eh-frame-hdr] ==> ignore
    arg [-m] ==> ignore
    arg [elf_x86_64] ==> ignore
    arg [-dynamic-linker] ==> ignore
    arg [/nix/store/vjq3q7dq8vmc13c3py97v27qwizvq7fd-glibc-2.33-59/lib64/ld-linux-x86-64.so.2] ==> ignore
    arg [-o] ==> ignore
    arg [cmTC_eb8d3] ==> ignore
    arg [/nix/store/vjq3q7dq8vmc13c3py97v27qwizvq7fd-glibc-2.33-59/lib/crt1.o] ==> obj [/nix/store/vjq3q7dq8vmc13c3py97v27qwizvq7fd-glibc-2.33-59/lib/crt1.o]
    arg [/nix/store/vjq3q7dq8vmc13c3py97v27qwizvq7fd-glibc-2.33-59/lib/crti.o] ==> obj [/nix/store/vjq3q7dq8vmc13c3py97v27qwizvq7fd-glibc-2.33-59/lib/crti.o]
    arg [/nix/store/mrqrvina0lfgrvdzfyri7sw9vxy6pyms-gcc-10.3.0/lib/gcc/x86_64-unknown-linux-gnu/10.3.0/crtbegin.o] ==> obj [/nix/store/mrqrvina0lfgrvdzfyri7sw9vxy6pyms-gcc-10.3.0/lib/gcc/x86_64-unknown-linux-gnu/10.3.0/crtbegin.o]
    arg [-L/nix/store/ds6a2im7vl67bsrcpw4av19kia7cwnm8-fmt-8.0.1/lib] ==> dir [/nix/store/ds6a2im7vl67bsrcpw4av19kia7cwnm8-fmt-8.0.1/lib]
    arg [-L/nix/store/jvr81blj4bqf58624b62dfiq9dgq0y4w-sfml-2.5.1/lib] ==> dir [/nix/store/jvr81blj4bqf58624b62dfiq9dgq0y4w-sfml-2.5.1/lib]
    arg [-L/nix/store/ds6a2im7vl67bsrcpw4av19kia7cwnm8-fmt-8.0.1/lib] ==> dir [/nix/store/ds6a2im7vl67bsrcpw4av19kia7cwnm8-fmt-8.0.1/lib]
    arg [-L/nix/store/jvr81blj4bqf58624b62dfiq9dgq0y4w-sfml-2.5.1/lib] ==> dir [/nix/store/jvr81blj4bqf58624b62dfiq9dgq0y4w-sfml-2.5.1/lib]
    arg [-L/nix/store/vjq3q7dq8vmc13c3py97v27qwizvq7fd-glibc-2.33-59/lib] ==> dir [/nix/store/vjq3q7dq8vmc13c3py97v27qwizvq7fd-glibc-2.33-59/lib]
    arg [-L/nix/store/m756011mkf1i0ki78i8y6ac3gf8qphvi-gcc-10.3.0-lib/lib] ==> dir [/nix/store/m756011mkf1i0ki78i8y6ac3gf8qphvi-gcc-10.3.0-lib/lib]
    arg [-L/nix/store/m756011mkf1i0ki78i8y6ac3gf8qphvi-gcc-10.3.0-lib/lib] ==> dir [/nix/store/m756011mkf1i0ki78i8y6ac3gf8qphvi-gcc-10.3.0-lib/lib]
    arg [-L/nix/store/vjq3q7dq8vmc13c3py97v27qwizvq7fd-glibc-2.33-59/lib] ==> dir [/nix/store/vjq3q7dq8vmc13c3py97v27qwizvq7fd-glibc-2.33-59/lib]
    arg [-L/nix/store/gkzmfpb04ddb7phzj8g9sl6saxzprssg-gcc-wrapper-10.3.0/bin] ==> dir [/nix/store/gkzmfpb04ddb7phzj8g9sl6saxzprssg-gcc-wrapper-10.3.0/bin]
    arg [-L/nix/store/mrqrvina0lfgrvdzfyri7sw9vxy6pyms-gcc-10.3.0/lib/gcc/x86_64-unknown-linux-gnu/10.3.0] ==> dir [/nix/store/mrqrvina0lfgrvdzfyri7sw9vxy6pyms-gcc-10.3.0/lib/gcc/x86_64-unknown-linux-gnu/10.3.0]
    arg [-L/nix/store/mrqrvina0lfgrvdzfyri7sw9vxy6pyms-gcc-10.3.0/lib/gcc/x86_64-unknown-linux-gnu/10.3.0/../../../../lib64] ==> dir [/nix/store/mrqrvina0lfgrvdzfyri7sw9vxy6pyms-gcc-10.3.0/lib/gcc/x86_64-unknown-linux-gnu/10.3.0/../../../../lib64]
    arg [-L/nix/store/mrqrvina0lfgrvdzfyri7sw9vxy6pyms-gcc-10.3.0/lib/gcc/x86_64-unknown-linux-gnu/10.3.0/../../..] ==> dir [/nix/store/mrqrvina0lfgrvdzfyri7sw9vxy6pyms-gcc-10.3.0/lib/gcc/x86_64-unknown-linux-gnu/10.3.0/../../..]
    arg [-dynamic-linker=/nix/store/vjq3q7dq8vmc13c3py97v27qwizvq7fd-glibc-2.33-59/lib/ld-linux-x86-64.so.2] ==> ignore
    arg [CMakeFiles/cmTC_eb8d3.dir/CMakeCCompilerABI.c.o] ==> ignore
    arg [-rpath] ==> ignore
    arg [/nix/store/9nmhrn2gf3x81ch64407qdpm2z7gvgii-nix-shell/lib64] ==> ignore
    arg [-rpath] ==> ignore
    arg [/nix/store/9nmhrn2gf3x81ch64407qdpm2z7gvgii-nix-shell/lib] ==> ignore
    arg [-lgcc] ==> lib [gcc]
    arg [--push-state] ==> ignore
    arg [--as-needed] ==> ignore
    arg [-lgcc_s] ==> lib [gcc_s]
    arg [--pop-state] ==> ignore
    arg [-lc] ==> lib [c]
    arg [-lgcc] ==> lib [gcc]
    arg [--push-state] ==> ignore
    arg [--as-needed] ==> ignore
    arg [-lgcc_s] ==> lib [gcc_s]
    arg [--pop-state] ==> ignore
    arg [/nix/store/mrqrvina0lfgrvdzfyri7sw9vxy6pyms-gcc-10.3.0/lib/gcc/x86_64-unknown-linux-gnu/10.3.0/crtend.o] ==> obj [/nix/store/mrqrvina0lfgrvdzfyri7sw9vxy6pyms-gcc-10.3.0/lib/gcc/x86_64-unknown-linux-gnu/10.3.0/crtend.o]
    arg [/nix/store/vjq3q7dq8vmc13c3py97v27qwizvq7fd-glibc-2.33-59/lib/crtn.o] ==> obj [/nix/store/vjq3q7dq8vmc13c3py97v27qwizvq7fd-glibc-2.33-59/lib/crtn.o]
  collapse library dir [/nix/store/ds6a2im7vl67bsrcpw4av19kia7cwnm8-fmt-8.0.1/lib] ==> [/nix/store/ds6a2im7vl67bsrcpw4av19kia7cwnm8-fmt-8.0.1/lib]
  collapse library dir [/nix/store/jvr81blj4bqf58624b62dfiq9dgq0y4w-sfml-2.5.1/lib] ==> [/nix/store/jvr81blj4bqf58624b62dfiq9dgq0y4w-sfml-2.5.1/lib]
  collapse library dir [/nix/store/ds6a2im7vl67bsrcpw4av19kia7cwnm8-fmt-8.0.1/lib] ==> [/nix/store/ds6a2im7vl67bsrcpw4av19kia7cwnm8-fmt-8.0.1/lib]
  collapse library dir [/nix/store/jvr81blj4bqf58624b62dfiq9dgq0y4w-sfml-2.5.1/lib] ==> [/nix/store/jvr81blj4bqf58624b62dfiq9dgq0y4w-sfml-2.5.1/lib]
  collapse library dir [/nix/store/vjq3q7dq8vmc13c3py97v27qwizvq7fd-glibc-2.33-59/lib] ==> [/nix/store/vjq3q7dq8vmc13c3py97v27qwizvq7fd-glibc-2.33-59/lib]
  collapse library dir [/nix/store/m756011mkf1i0ki78i8y6ac3gf8qphvi-gcc-10.3.0-lib/lib] ==> [/nix/store/m756011mkf1i0ki78i8y6ac3gf8qphvi-gcc-10.3.0-lib/lib]
  collapse library dir [/nix/store/m756011mkf1i0ki78i8y6ac3gf8qphvi-gcc-10.3.0-lib/lib] ==> [/nix/store/m756011mkf1i0ki78i8y6ac3gf8qphvi-gcc-10.3.0-lib/lib]
  collapse library dir [/nix/store/vjq3q7dq8vmc13c3py97v27qwizvq7fd-glibc-2.33-59/lib] ==> [/nix/store/vjq3q7dq8vmc13c3py97v27qwizvq7fd-glibc-2.33-59/lib]
  collapse library dir [/nix/store/gkzmfpb04ddb7phzj8g9sl6saxzprssg-gcc-wrapper-10.3.0/bin] ==> [/nix/store/gkzmfpb04ddb7phzj8g9sl6saxzprssg-gcc-wrapper-10.3.0/bin]
  collapse library dir [/nix/store/mrqrvina0lfgrvdzfyri7sw9vxy6pyms-gcc-10.3.0/lib/gcc/x86_64-unknown-linux-gnu/10.3.0] ==> [/nix/store/mrqrvina0lfgrvdzfyri7sw9vxy6pyms-gcc-10.3.0/lib/gcc/x86_64-unknown-linux-gnu/10.3.0]
  collapse library dir [/nix/store/mrqrvina0lfgrvdzfyri7sw9vxy6pyms-gcc-10.3.0/lib/gcc/x86_64-unknown-linux-gnu/10.3.0/../../../../lib64] ==> [/nix/store/mrqrvina0lfgrvdzfyri7sw9vxy6pyms-gcc-10.3.0/lib64]
  collapse library dir [/nix/store/mrqrvina0lfgrvdzfyri7sw9vxy6pyms-gcc-10.3.0/lib/gcc/x86_64-unknown-linux-gnu/10.3.0/../../..] ==> [/nix/store/mrqrvina0lfgrvdzfyri7sw9vxy6pyms-gcc-10.3.0/lib]
  implicit libs: [gcc;gcc_s;c;gcc;gcc_s]
  implicit objs: [/nix/store/vjq3q7dq8vmc13c3py97v27qwizvq7fd-glibc-2.33-59/lib/crt1.o;/nix/store/vjq3q7dq8vmc13c3py97v27qwizvq7fd-glibc-2.33-59/lib/crti.o;/nix/store/mrqrvina0lfgrvdzfyri7sw9vxy6pyms-gcc-10.3.0/lib/gcc/x86_64-unknown-linux-gnu/10.3.0/crtbegin.o;/nix/store/mrqrvina0lfgrvdzfyri7sw9vxy6pyms-gcc-10.3.0/lib/gcc/x86_64-unknown-linux-gnu/10.3.0/crtend.o;/nix/store/vjq3q7dq8vmc13c3py97v27qwizvq7fd-glibc-2.33-59/lib/crtn.o]
  implicit dirs: [/nix/store/ds6a2im7vl67bsrcpw4av19kia7cwnm8-fmt-8.0.1/lib;/nix/store/jvr81blj4bqf58624b62dfiq9dgq0y4w-sfml-2.5.1/lib;/nix/store/vjq3q7dq8vmc13c3py97v27qwizvq7fd-glibc-2.33-59/lib;/nix/store/m756011mkf1i0ki78i8y6ac3gf8qphvi-gcc-10.3.0-lib/lib;/nix/store/gkzmfpb04ddb7phzj8g9sl6saxzprssg-gcc-wrapper-10.3.0/bin;/nix/store/mrqrvina0lfgrvdzfyri7sw9vxy6pyms-gcc-10.3.0/lib/gcc/x86_64-unknown-linux-gnu/10.3.0;/nix/store/mrqrvina0lfgrvdzfyri7sw9vxy6pyms-gcc-10.3.0/lib64;/nix/store/mrqrvina0lfgrvdzfyri7sw9vxy6pyms-gcc-10.3.0/lib]
  implicit fwks: []


Detecting CXX compiler ABI info compiled with the following output:
Change Dir: /home/mateo/coding/raycaster/cmake-build-debug/CMakeFiles/CMakeTmp

Run Build Command(s):/nix/store/h4iwyl9sq4myqdji0lbfb91gv44psvyl-gnumake-4.3/bin/make -f Makefile cmTC_7f139/fast && /nix/store/h4iwyl9sq4myqdji0lbfb91gv44psvyl-gnumake-4.3/bin/make  -f CMakeFiles/cmTC_7f139.dir/build.make CMakeFiles/cmTC_7f139.dir/build
make[1]: Entering directory '/home/mateo/coding/raycaster/cmake-build-debug/CMakeFiles/CMakeTmp'
Building CXX object CMakeFiles/cmTC_7f139.dir/CMakeCXXCompilerABI.cpp.o
/nix/store/gkzmfpb04ddb7phzj8g9sl6saxzprssg-gcc-wrapper-10.3.0/bin/g++   -v -o CMakeFiles/cmTC_7f139.dir/CMakeCXXCompilerABI.cpp.o -c /nix/store/dhc1knjzia7krnbrhrh2yk33nhckk88q-cmake-3.21.2/share/cmake-3.21/Modules/CMakeCXXCompilerABI.cpp
Using built-in specs.
COLLECT_GCC=/nix/store/mrqrvina0lfgrvdzfyri7sw9vxy6pyms-gcc-10.3.0/bin/g++
Target: x86_64-unknown-linux-gnu
Configured with: 
Thread model: posix
Supported LTO compression algorithms: zlib
gcc version 10.3.0 (GCC) 
COLLECT_GCC_OPTIONS='-fPIC' '-Wformat=1' '-Wformat-security' '-Werror=format-security' '-fstack-protector-strong' '--param=ssp-buffer-size=4' '-O2' '-D' '_FORTIFY_SOURCE=2' '-fno-strict-overflow' '-v' '-o' 'CMakeFiles/cmTC_7f139.dir/CMakeCXXCompilerABI.cpp.o' '-c' '-B' '/nix/store/m756011mkf1i0ki78i8y6ac3gf8qphvi-gcc-10.3.0-lib/lib' '-B' '/nix/store/vjq3q7dq8vmc13c3py97v27qwizvq7fd-glibc-2.33-59/lib/' '-idirafter' '/nix/store/12z1nc5fmif2z7wian28n55j61acbmny-glibc-2.33-59-dev/include' '-idirafter' '/nix/store/mrqrvina0lfgrvdzfyri7sw9vxy6pyms-gcc-10.3.0/lib/gcc/x86_64-unknown-linux-gnu/10.3.0/include-fixed' '-B' '/nix/store/gkzmfpb04ddb7phzj8g9sl6saxzprssg-gcc-wrapper-10.3.0/bin/' '-frandom-seed=9nmhrn2gf3' '-isystem' '/nix/store/j24l44ncxb35wpj7pgdl0gdbqb1s0zi0-fmt-8.0.1-dev/include' '-isystem' '/nix/store/jvr81blj4bqf58624b62dfiq9dgq0y4w-sfml-2.5.1/include' '-isystem' '/nix/store/j24l44ncxb35wpj7pgdl0gdbqb1s0zi0-fmt-8.0.1-dev/include' '-isystem' '/nix/store/jvr81blj4bqf58624b62dfiq9dgq0y4w-sfml-2.5.1/include' '-shared-libgcc' '-mtune=generic' '-march=x86-64' '-fcommon'
 /nix/store/mrqrvina0lfgrvdzfyri7sw9vxy6pyms-gcc-10.3.0/libexec/gcc/x86_64-unknown-linux-gnu/10.3.0/cc1plus -quiet -v -D_GNU_SOURCE -D _FORTIFY_SOURCE=2 -idirafter /nix/store/12z1nc5fmif2z7wian28n55j61acbmny-glibc-2.33-59-dev/include -idirafter /nix/store/mrqrvina0lfgrvdzfyri7sw9vxy6pyms-gcc-10.3.0/lib/gcc/x86_64-unknown-linux-gnu/10.3.0/include-fixed -isystem /nix/store/j24l44ncxb35wpj7pgdl0gdbqb1s0zi0-fmt-8.0.1-dev/include -isystem /nix/store/jvr81blj4bqf58624b62dfiq9dgq0y4w-sfml-2.5.1/include -isystem /nix/store/j24l44ncxb35wpj7pgdl0gdbqb1s0zi0-fmt-8.0.1-dev/include -isystem /nix/store/jvr81blj4bqf58624b62dfiq9dgq0y4w-sfml-2.5.1/include /nix/store/dhc1knjzia7krnbrhrh2yk33nhckk88q-cmake-3.21.2/share/cmake-3.21/Modules/CMakeCXXCompilerABI.cpp -quiet -dumpbase CMakeCXXCompilerABI.cpp -mtune=generic -march=x86-64 -auxbase-strip CMakeFiles/cmTC_7f139.dir/CMakeCXXCompilerABI.cpp.o -O2 -Wformat=1 -Wformat-security -Werror=format-security -version -fPIC -fstack-protector-strong -fno-strict-overflow -frandom-seed=9nmhrn2gf3 -fcommon --param=ssp-buffer-size=4 -o /run/user/1000/ccpvc3j6.s
GNU C++14 (GCC) version 10.3.0 (x86_64-unknown-linux-gnu)
	compiled by GNU C version 10.3.0, GMP version 6.2.1, MPFR version 4.1.0, MPC version 1.2.1, isl version isl-0.20-GMP

GGC heuristics: --param ggc-min-expand=100 --param ggc-min-heapsize=131072
ignoring duplicate directory "/nix/store/j24l44ncxb35wpj7pgdl0gdbqb1s0zi0-fmt-8.0.1-dev/include"
ignoring duplicate directory "/nix/store/jvr81blj4bqf58624b62dfiq9dgq0y4w-sfml-2.5.1/include"
ignoring nonexistent directory "/nix/store/mrqrvina0lfgrvdzfyri7sw9vxy6pyms-gcc-10.3.0/lib/gcc/x86_64-unknown-linux-gnu/10.3.0/../../../../x86_64-unknown-linux-gnu/include"
ignoring duplicate directory "/nix/store/12z1nc5fmif2z7wian28n55j61acbmny-glibc-2.33-59-dev/include"
ignoring duplicate directory "/nix/store/mrqrvina0lfgrvdzfyri7sw9vxy6pyms-gcc-10.3.0/lib/gcc/x86_64-unknown-linux-gnu/10.3.0/include-fixed"
#include "..." search starts here:
#include <...> search starts here:
 /nix/store/j24l44ncxb35wpj7pgdl0gdbqb1s0zi0-fmt-8.0.1-dev/include
 /nix/store/jvr81blj4bqf58624b62dfiq9dgq0y4w-sfml-2.5.1/include
 /nix/store/mrqrvina0lfgrvdzfyri7sw9vxy6pyms-gcc-10.3.0/lib/gcc/x86_64-unknown-linux-gnu/10.3.0/../../../../include/c++/10.3.0
 /nix/store/mrqrvina0lfgrvdzfyri7sw9vxy6pyms-gcc-10.3.0/lib/gcc/x86_64-unknown-linux-gnu/10.3.0/../../../../include/c++/10.3.0/x86_64-unknown-linux-gnu
 /nix/store/mrqrvina0lfgrvdzfyri7sw9vxy6pyms-gcc-10.3.0/lib/gcc/x86_64-unknown-linux-gnu/10.3.0/../../../../include/c++/10.3.0/backward
 /nix/store/mrqrvina0lfgrvdzfyri7sw9vxy6pyms-gcc-10.3.0/lib/gcc/x86_64-unknown-linux-gnu/10.3.0/include
 /nix/store/mrqrvina0lfgrvdzfyri7sw9vxy6pyms-gcc-10.3.0/include
 /nix/store/mrqrvina0lfgrvdzfyri7sw9vxy6pyms-gcc-10.3.0/lib/gcc/x86_64-unknown-linux-gnu/10.3.0/include-fixed
 /nix/store/12z1nc5fmif2z7wian28n55j61acbmny-glibc-2.33-59-dev/include
End of search list.
GNU C++14 (GCC) version 10.3.0 (x86_64-unknown-linux-gnu)
	compiled by GNU C version 10.3.0, GMP version 6.2.1, MPFR version 4.1.0, MPC version 1.2.1, isl version isl-0.20-GMP

GGC heuristics: --param ggc-min-expand=100 --param ggc-min-heapsize=131072
Compiler executable checksum: 4a0ce8aac2a4e648e4f6e158920a3e0b
COLLECT_GCC_OPTIONS='-fPIC' '-Wformat=1' '-Wformat-security' '-Werror=format-security' '-fstack-protector-strong' '--param=ssp-buffer-size=4' '-O2' '-D' '_FORTIFY_SOURCE=2' '-fno-strict-overflow' '-v' '-o' 'CMakeFiles/cmTC_7f139.dir/CMakeCXXCompilerABI.cpp.o' '-c' '-B' '/nix/store/m756011mkf1i0ki78i8y6ac3gf8qphvi-gcc-10.3.0-lib/lib' '-B' '/nix/store/vjq3q7dq8vmc13c3py97v27qwizvq7fd-glibc-2.33-59/lib/' '-idirafter' '/nix/store/12z1nc5fmif2z7wian28n55j61acbmny-glibc-2.33-59-dev/include' '-idirafter' '/nix/store/mrqrvina0lfgrvdzfyri7sw9vxy6pyms-gcc-10.3.0/lib/gcc/x86_64-unknown-linux-gnu/10.3.0/include-fixed' '-B' '/nix/store/gkzmfpb04ddb7phzj8g9sl6saxzprssg-gcc-wrapper-10.3.0/bin/' '-frandom-seed=9nmhrn2gf3' '-isystem' '/nix/store/j24l44ncxb35wpj7pgdl0gdbqb1s0zi0-fmt-8.0.1-dev/include' '-isystem' '/nix/store/jvr81blj4bqf58624b62dfiq9dgq0y4w-sfml-2.5.1/include' '-isystem' '/nix/store/j24l44ncxb35wpj7pgdl0gdbqb1s0zi0-fmt-8.0.1-dev/include' '-isystem' '/nix/store/jvr81blj4bqf58624b62dfiq9dgq0y4w-sfml-2.5.1/include' '-shared-libgcc' '-mtune=generic' '-march=x86-64' '-fcommon'
 /nix/store/gkzmfpb04ddb7phzj8g9sl6saxzprssg-gcc-wrapper-10.3.0/bin/as -v --64 -o CMakeFiles/cmTC_7f139.dir/CMakeCXXCompilerABI.cpp.o /run/user/1000/ccpvc3j6.s
GNU assembler version 2.35.2 (x86_64-unknown-linux-gnu) using BFD version (GNU Binutils) 2.35.2
COMPILER_PATH=/nix/store/m756011mkf1i0ki78i8y6ac3gf8qphvi-gcc-10.3.0-lib/lib/:/nix/store/vjq3q7dq8vmc13c3py97v27qwizvq7fd-glibc-2.33-59/lib/:/nix/store/gkzmfpb04ddb7phzj8g9sl6saxzprssg-gcc-wrapper-10.3.0/bin/:/nix/store/mrqrvina0lfgrvdzfyri7sw9vxy6pyms-gcc-10.3.0/libexec/gcc/x86_64-unknown-linux-gnu/10.3.0/:/nix/store/mrqrvina0lfgrvdzfyri7sw9vxy6pyms-gcc-10.3.0/libexec/gcc/x86_64-unknown-linux-gnu/10.3.0/:/nix/store/mrqrvina0lfgrvdzfyri7sw9vxy6pyms-gcc-10.3.0/libexec/gcc/x86_64-unknown-linux-gnu/:/nix/store/mrqrvina0lfgrvdzfyri7sw9vxy6pyms-gcc-10.3.0/lib/gcc/x86_64-unknown-linux-gnu/10.3.0/:/nix/store/mrqrvina0lfgrvdzfyri7sw9vxy6pyms-gcc-10.3.0/lib/gcc/x86_64-unknown-linux-gnu/
LIBRARY_PATH=/nix/store/m756011mkf1i0ki78i8y6ac3gf8qphvi-gcc-10.3.0-lib/lib/:/nix/store/vjq3q7dq8vmc13c3py97v27qwizvq7fd-glibc-2.33-59/lib/:/nix/store/gkzmfpb04ddb7phzj8g9sl6saxzprssg-gcc-wrapper-10.3.0/bin/:/nix/store/mrqrvina0lfgrvdzfyri7sw9vxy6pyms-gcc-10.3.0/lib/gcc/x86_64-unknown-linux-gnu/10.3.0/:/nix/store/mrqrvina0lfgrvdzfyri7sw9vxy6pyms-gcc-10.3.0/lib/gcc/x86_64-unknown-linux-gnu/10.3.0/../../../../lib64/:/nix/store/mrqrvina0lfgrvdzfyri7sw9vxy6pyms-gcc-10.3.0/lib/gcc/x86_64-unknown-linux-gnu/10.3.0/../../../
COLLECT_GCC_OPTIONS='-fPIC' '-Wformat=1' '-Wformat-security' '-Werror=format-security' '-fstack-protector-strong' '--param=ssp-buffer-size=4' '-O2' '-D' '_FORTIFY_SOURCE=2' '-fno-strict-overflow' '-v' '-o' 'CMakeFiles/cmTC_7f139.dir/CMakeCXXCompilerABI.cpp.o' '-c' '-B' '/nix/store/m756011mkf1i0ki78i8y6ac3gf8qphvi-gcc-10.3.0-lib/lib' '-B' '/nix/store/vjq3q7dq8vmc13c3py97v27qwizvq7fd-glibc-2.33-59/lib/' '-idirafter' '/nix/store/12z1nc5fmif2z7wian28n55j61acbmny-glibc-2.33-59-dev/include' '-idirafter' '/nix/store/mrqrvina0lfgrvdzfyri7sw9vxy6pyms-gcc-10.3.0/lib/gcc/x86_64-unknown-linux-gnu/10.3.0/include-fixed' '-B' '/nix/store/gkzmfpb04ddb7phzj8g9sl6saxzprssg-gcc-wrapper-10.3.0/bin/' '-frandom-seed=9nmhrn2gf3' '-isystem' '/nix/store/j24l44ncxb35wpj7pgdl0gdbqb1s0zi0-fmt-8.0.1-dev/include' '-isystem' '/nix/store/jvr81blj4bqf58624b62dfiq9dgq0y4w-sfml-2.5.1/include' '-isystem' '/nix/store/j24l44ncxb35wpj7pgdl0gdbqb1s0zi0-fmt-8.0.1-dev/include' '-isystem' '/nix/store/jvr81blj4bqf58624b62dfiq9dgq0y4w-sfml-2.5.1/include' '-shared-libgcc' '-mtune=generic' '-march=x86-64' '-fcommon'
Linking CXX executable cmTC_7f139
/nix/store/dhc1knjzia7krnbrhrh2yk33nhckk88q-cmake-3.21.2/bin/cmake -E cmake_link_script CMakeFiles/cmTC_7f139.dir/link.txt --verbose=1
/nix/store/gkzmfpb04ddb7phzj8g9sl6saxzprssg-gcc-wrapper-10.3.0/bin/g++  -v CMakeFiles/cmTC_7f139.dir/CMakeCXXCompilerABI.cpp.o -o cmTC_7f139 
Using built-in specs.
COLLECT_GCC=/nix/store/mrqrvina0lfgrvdzfyri7sw9vxy6pyms-gcc-10.3.0/bin/g++
COLLECT_LTO_WRAPPER=/nix/store/mrqrvina0lfgrvdzfyri7sw9vxy6pyms-gcc-10.3.0/libexec/gcc/x86_64-unknown-linux-gnu/10.3.0/lto-wrapper
Target: x86_64-unknown-linux-gnu
Configured with: 
Thread model: posix
Supported LTO compression algorithms: zlib
gcc version 10.3.0 (GCC) 
COMPILER_PATH=/nix/store/m756011mkf1i0ki78i8y6ac3gf8qphvi-gcc-10.3.0-lib/lib/:/nix/store/vjq3q7dq8vmc13c3py97v27qwizvq7fd-glibc-2.33-59/lib/:/nix/store/gkzmfpb04ddb7phzj8g9sl6saxzprssg-gcc-wrapper-10.3.0/bin/:/nix/store/mrqrvina0lfgrvdzfyri7sw9vxy6pyms-gcc-10.3.0/libexec/gcc/x86_64-unknown-linux-gnu/10.3.0/:/nix/store/mrqrvina0lfgrvdzfyri7sw9vxy6pyms-gcc-10.3.0/libexec/gcc/x86_64-unknown-linux-gnu/10.3.0/:/nix/store/mrqrvina0lfgrvdzfyri7sw9vxy6pyms-gcc-10.3.0/libexec/gcc/x86_64-unknown-linux-gnu/:/nix/store/mrqrvina0lfgrvdzfyri7sw9vxy6pyms-gcc-10.3.0/lib/gcc/x86_64-unknown-linux-gnu/10.3.0/:/nix/store/mrqrvina0lfgrvdzfyri7sw9vxy6pyms-gcc-10.3.0/lib/gcc/x86_64-unknown-linux-gnu/
LIBRARY_PATH=/nix/store/m756011mkf1i0ki78i8y6ac3gf8qphvi-gcc-10.3.0-lib/lib/:/nix/store/vjq3q7dq8vmc13c3py97v27qwizvq7fd-glibc-2.33-59/lib/:/nix/store/gkzmfpb04ddb7phzj8g9sl6saxzprssg-gcc-wrapper-10.3.0/bin/:/nix/store/mrqrvina0lfgrvdzfyri7sw9vxy6pyms-gcc-10.3.0/lib/gcc/x86_64-unknown-linux-gnu/10.3.0/:/nix/store/mrqrvina0lfgrvdzfyri7sw9vxy6pyms-gcc-10.3.0/lib/gcc/x86_64-unknown-linux-gnu/10.3.0/../../../../lib64/:/nix/store/mrqrvina0lfgrvdzfyri7sw9vxy6pyms-gcc-10.3.0/lib/gcc/x86_64-unknown-linux-gnu/10.3.0/../../../
COLLECT_GCC_OPTIONS='-fPIC' '-Wformat=1' '-Wformat-security' '-Werror=format-security' '-fstack-protector-strong' '--param=ssp-buffer-size=4' '-O2' '-D' '_FORTIFY_SOURCE=2' '-fno-strict-overflow' '-v' '-o' 'cmTC_7f139' '-B' '/nix/store/m756011mkf1i0ki78i8y6ac3gf8qphvi-gcc-10.3.0-lib/lib' '-B' '/nix/store/vjq3q7dq8vmc13c3py97v27qwizvq7fd-glibc-2.33-59/lib/' '-idirafter' '/nix/store/12z1nc5fmif2z7wian28n55j61acbmny-glibc-2.33-59-dev/include' '-idirafter' '/nix/store/mrqrvina0lfgrvdzfyri7sw9vxy6pyms-gcc-10.3.0/lib/gcc/x86_64-unknown-linux-gnu/10.3.0/include-fixed' '-B' '/nix/store/gkzmfpb04ddb7phzj8g9sl6saxzprssg-gcc-wrapper-10.3.0/bin/' '-frandom-seed=9nmhrn2gf3' '-isystem' '/nix/store/j24l44ncxb35wpj7pgdl0gdbqb1s0zi0-fmt-8.0.1-dev/include' '-isystem' '/nix/store/jvr81blj4bqf58624b62dfiq9dgq0y4w-sfml-2.5.1/include' '-isystem' '/nix/store/j24l44ncxb35wpj7pgdl0gdbqb1s0zi0-fmt-8.0.1-dev/include' '-isystem' '/nix/store/jvr81blj4bqf58624b62dfiq9dgq0y4w-sfml-2.5.1/include' '-L/nix/store/ds6a2im7vl67bsrcpw4av19kia7cwnm8-fmt-8.0.1/lib' '-L/nix/store/jvr81blj4bqf58624b62dfiq9dgq0y4w-sfml-2.5.1/lib' '-L/nix/store/ds6a2im7vl67bsrcpw4av19kia7cwnm8-fmt-8.0.1/lib' '-L/nix/store/jvr81blj4bqf58624b62dfiq9dgq0y4w-sfml-2.5.1/lib' '-L/nix/store/vjq3q7dq8vmc13c3py97v27qwizvq7fd-glibc-2.33-59/lib' '-L/nix/store/m756011mkf1i0ki78i8y6ac3gf8qphvi-gcc-10.3.0-lib/lib' '-shared-libgcc' '-mtune=generic' '-march=x86-64' '-fcommon'
 /nix/store/mrqrvina0lfgrvdzfyri7sw9vxy6pyms-gcc-10.3.0/libexec/gcc/x86_64-unknown-linux-gnu/10.3.0/collect2 -plugin /nix/store/mrqrvina0lfgrvdzfyri7sw9vxy6pyms-gcc-10.3.0/libexec/gcc/x86_64-unknown-linux-gnu/10.3.0/liblto_plugin.so -plugin-opt=/nix/store/mrqrvina0lfgrvdzfyri7sw9vxy6pyms-gcc-10.3.0/libexec/gcc/x86_64-unknown-linux-gnu/10.3.0/lto-wrapper -plugin-opt=-fresolution=/run/user/1000/ccgU0FqX.res -plugin-opt=-pass-through=-lgcc_s -plugin-opt=-pass-through=-lgcc -plugin-opt=-pass-through=-lc -plugin-opt=-pass-through=-lgcc_s -plugin-opt=-pass-through=-lgcc --eh-frame-hdr -m elf_x86_64 -dynamic-linker /nix/store/vjq3q7dq8vmc13c3py97v27qwizvq7fd-glibc-2.33-59/lib64/ld-linux-x86-64.so.2 -o cmTC_7f139 /nix/store/vjq3q7dq8vmc13c3py97v27qwizvq7fd-glibc-2.33-59/lib/crt1.o /nix/store/vjq3q7dq8vmc13c3py97v27qwizvq7fd-glibc-2.33-59/lib/crti.o /nix/store/mrqrvina0lfgrvdzfyri7sw9vxy6pyms-gcc-10.3.0/lib/gcc/x86_64-unknown-linux-gnu/10.3.0/crtbegin.o -L/nix/store/ds6a2im7vl67bsrcpw4av19kia7cwnm8-fmt-8.0.1/lib -L/nix/store/jvr81blj4bqf58624b62dfiq9dgq0y4w-sfml-2.5.1/lib -L/nix/store/ds6a2im7vl67bsrcpw4av19kia7cwnm8-fmt-8.0.1/lib -L/nix/store/jvr81blj4bqf58624b62dfiq9dgq0y4w-sfml-2.5.1/lib -L/nix/store/vjq3q7dq8vmc13c3py97v27qwizvq7fd-glibc-2.33-59/lib -L/nix/store/m756011mkf1i0ki78i8y6ac3gf8qphvi-gcc-10.3.0-lib/lib -L/nix/store/m756011mkf1i0ki78i8y6ac3gf8qphvi-gcc-10.3.0-lib/lib -L/nix/store/vjq3q7dq8vmc13c3py97v27qwizvq7fd-glibc-2.33-59/lib -L/nix/store/gkzmfpb04ddb7phzj8g9sl6saxzprssg-gcc-wrapper-10.3.0/bin -L/nix/store/mrqrvina0lfgrvdzfyri7sw9vxy6pyms-gcc-10.3.0/lib/gcc/x86_64-unknown-linux-gnu/10.3.0 -L/nix/store/mrqrvina0lfgrvdzfyri7sw9vxy6pyms-gcc-10.3.0/lib/gcc/x86_64-unknown-linux-gnu/10.3.0/../../../../lib64 -L/nix/store/mrqrvina0lfgrvdzfyri7sw9vxy6pyms-gcc-10.3.0/lib/gcc/x86_64-unknown-linux-gnu/10.3.0/../../.. -dynamic-linker=/nix/store/vjq3q7dq8vmc13c3py97v27qwizvq7fd-glibc-2.33-59/lib/ld-linux-x86-64.so.2 CMakeFiles/cmTC_7f139.dir/CMakeCXXCompilerABI.cpp.o -rpath /nix/store/9nmhrn2gf3x81ch64407qdpm2z7gvgii-nix-shell/lib64 -rpath /nix/store/9nmhrn2gf3x81ch64407qdpm2z7gvgii-nix-shell/lib -lstdc++ -lm -lgcc_s -lgcc -lc -lgcc_s -lgcc /nix/store/mrqrvina0lfgrvdzfyri7sw9vxy6pyms-gcc-10.3.0/lib/gcc/x86_64-unknown-linux-gnu/10.3.0/crtend.o /nix/store/vjq3q7dq8vmc13c3py97v27qwizvq7fd-glibc-2.33-59/lib/crtn.o
COLLECT_GCC_OPTIONS='-fPIC' '-Wformat=1' '-Wformat-security' '-Werror=format-security' '-fstack-protector-strong' '--param=ssp-buffer-size=4' '-O2' '-D' '_FORTIFY_SOURCE=2' '-fno-strict-overflow' '-v' '-o' 'cmTC_7f139' '-B' '/nix/store/m756011mkf1i0ki78i8y6ac3gf8qphvi-gcc-10.3.0-lib/lib' '-B' '/nix/store/vjq3q7dq8vmc13c3py97v27qwizvq7fd-glibc-2.33-59/lib/' '-idirafter' '/nix/store/12z1nc5fmif2z7wian28n55j61acbmny-glibc-2.33-59-dev/include' '-idirafter' '/nix/store/mrqrvina0lfgrvdzfyri7sw9vxy6pyms-gcc-10.3.0/lib/gcc/x86_64-unknown-linux-gnu/10.3.0/include-fixed' '-B' '/nix/store/gkzmfpb04ddb7phzj8g9sl6saxzprssg-gcc-wrapper-10.3.0/bin/' '-frandom-seed=9nmhrn2gf3' '-isystem' '/nix/store/j24l44ncxb35wpj7pgdl0gdbqb1s0zi0-fmt-8.0.1-dev/include' '-isystem' '/nix/store/jvr81blj4bqf58624b62dfiq9dgq0y4w-sfml-2.5.1/include' '-isystem' '/nix/store/j24l44ncxb35wpj7pgdl0gdbqb1s0zi0-fmt-8.0.1-dev/include' '-isystem' '/nix/store/jvr81blj4bqf58624b62dfiq9dgq0y4w-sfml-2.5.1/include' '-L/nix/store/ds6a2im7vl67bsrcpw4av19kia7cwnm8-fmt-8.0.1/lib' '-L/nix/store/jvr81blj4bqf58624b62dfiq9dgq0y4w-sfml-2.5.1/lib' '-L/nix/store/ds6a2im7vl67bsrcpw4av19kia7cwnm8-fmt-8.0.1/lib' '-L/nix/store/jvr81blj4bqf58624b62dfiq9dgq0y4w-sfml-2.5.1/lib' '-L/nix/store/vjq3q7dq8vmc13c3py97v27qwizvq7fd-glibc-2.33-59/lib' '-L/nix/store/m756011mkf1i0ki78i8y6ac3gf8qphvi-gcc-10.3.0-lib/lib' '-shared-libgcc' '-mtune=generic' '-march=x86-64' '-fcommon'
make[1]: Leaving directory '/home/mateo/coding/raycaster/cmake-build-debug/CMakeFiles/CMakeTmp'



Parsed CXX implicit include dir info from above output: rv=done
  found start of include info
  found start of implicit include info
    add: [/nix/store/j24l44ncxb35wpj7pgdl0gdbqb1s0zi0-fmt-8.0.1-dev/include]
    add: [/nix/store/jvr81blj4bqf58624b62dfiq9dgq0y4w-sfml-2.5.1/include]
    add: [/nix/store/mrqrvina0lfgrvdzfyri7sw9vxy6pyms-gcc-10.3.0/lib/gcc/x86_64-unknown-linux-gnu/10.3.0/../../../../include/c++/10.3.0]
    add: [/nix/store/mrqrvina0lfgrvdzfyri7sw9vxy6pyms-gcc-10.3.0/lib/gcc/x86_64-unknown-linux-gnu/10.3.0/../../../../include/c++/10.3.0/x86_64-unknown-linux-gnu]
    add: [/nix/store/mrqrvina0lfgrvdzfyri7sw9vxy6pyms-gcc-10.3.0/lib/gcc/x86_64-unknown-linux-gnu/10.3.0/../../../../include/c++/10.3.0/backward]
    add: [/nix/store/mrqrvina0lfgrvdzfyri7sw9vxy6pyms-gcc-10.3.0/lib/gcc/x86_64-unknown-linux-gnu/10.3.0/include]
    add: [/nix/store/mrqrvina0lfgrvdzfyri7sw9vxy6pyms-gcc-10.3.0/include]
    add: [/nix/store/mrqrvina0lfgrvdzfyri7sw9vxy6pyms-gcc-10.3.0/lib/gcc/x86_64-unknown-linux-gnu/10.3.0/include-fixed]
    add: [/nix/store/12z1nc5fmif2z7wian28n55j61acbmny-glibc-2.33-59-dev/include]
  end of search list found
  collapse include dir [/nix/store/j24l44ncxb35wpj7pgdl0gdbqb1s0zi0-fmt-8.0.1-dev/include] ==> [/nix/store/j24l44ncxb35wpj7pgdl0gdbqb1s0zi0-fmt-8.0.1-dev/include]
  collapse include dir [/nix/store/jvr81blj4bqf58624b62dfiq9dgq0y4w-sfml-2.5.1/include] ==> [/nix/store/jvr81blj4bqf58624b62dfiq9dgq0y4w-sfml-2.5.1/include]
  collapse include dir [/nix/store/mrqrvina0lfgrvdzfyri7sw9vxy6pyms-gcc-10.3.0/lib/gcc/x86_64-unknown-linux-gnu/10.3.0/../../../../include/c++/10.3.0] ==> [/nix/store/mrqrvina0lfgrvdzfyri7sw9vxy6pyms-gcc-10.3.0/include/c++/10.3.0]
  collapse include dir [/nix/store/mrqrvina0lfgrvdzfyri7sw9vxy6pyms-gcc-10.3.0/lib/gcc/x86_64-unknown-linux-gnu/10.3.0/../../../../include/c++/10.3.0/x86_64-unknown-linux-gnu] ==> [/nix/store/mrqrvina0lfgrvdzfyri7sw9vxy6pyms-gcc-10.3.0/include/c++/10.3.0/x86_64-unknown-linux-gnu]
  collapse include dir [/nix/store/mrqrvina0lfgrvdzfyri7sw9vxy6pyms-gcc-10.3.0/lib/gcc/x86_64-unknown-linux-gnu/10.3.0/../../../../include/c++/10.3.0/backward] ==> [/nix/store/mrqrvina0lfgrvdzfyri7sw9vxy6pyms-gcc-10.3.0/include/c++/10.3.0/backward]
  collapse include dir [/nix/store/mrqrvina0lfgrvdzfyri7sw9vxy6pyms-gcc-10.3.0/lib/gcc/x86_64-unknown-linux-gnu/10.3.0/include] ==> [/nix/store/mrqrvina0lfgrvdzfyri7sw9vxy6pyms-gcc-10.3.0/lib/gcc/x86_64-unknown-linux-gnu/10.3.0/include]
  collapse include dir [/nix/store/mrqrvina0lfgrvdzfyri7sw9vxy6pyms-gcc-10.3.0/include] ==> [/nix/store/mrqrvina0lfgrvdzfyri7sw9vxy6pyms-gcc-10.3.0/include]
  collapse include dir [/nix/store/mrqrvina0lfgrvdzfyri7sw9vxy6pyms-gcc-10.3.0/lib/gcc/x86_64-unknown-linux-gnu/10.3.0/include-fixed] ==> [/nix/store/mrqrvina0lfgrvdzfyri7sw9vxy6pyms-gcc-10.3.0/lib/gcc/x86_64-unknown-linux-gnu/10.3.0/include-fixed]
  collapse include dir [/nix/store/12z1nc5fmif2z7wian28n55j61acbmny-glibc-2.33-59-dev/include] ==> [/nix/store/12z1nc5fmif2z7wian28n55j61acbmny-glibc-2.33-59-dev/include]
  implicit include dirs: [/nix/store/j24l44ncxb35wpj7pgdl0gdbqb1s0zi0-fmt-8.0.1-dev/include;/nix/store/jvr81blj4bqf58624b62dfiq9dgq0y4w-sfml-2.5.1/include;/nix/store/mrqrvina0lfgrvdzfyri7sw9vxy6pyms-gcc-10.3.0/include/c++/10.3.0;/nix/store/mrqrvina0lfgrvdzfyri7sw9vxy6pyms-gcc-10.3.0/include/c++/10.3.0/x86_64-unknown-linux-gnu;/nix/store/mrqrvina0lfgrvdzfyri7sw9vxy6pyms-gcc-10.3.0/include/c++/10.3.0/backward;/nix/store/mrqrvina0lfgrvdzfyri7sw9vxy6pyms-gcc-10.3.0/lib/gcc/x86_64-unknown-linux-gnu/10.3.0/include;/nix/store/mrqrvina0lfgrvdzfyri7sw9vxy6pyms-gcc-10.3.0/include;/nix/store/mrqrvina0lfgrvdzfyri7sw9vxy6pyms-gcc-10.3.0/lib/gcc/x86_64-unknown-linux-gnu/10.3.0/include-fixed;/nix/store/12z1nc5fmif2z7wian28n55j61acbmny-glibc-2.33-59-dev/include]


Parsed CXX implicit link information from above output:
  link line regex: [^( *|.*[/\])(ld|CMAKE_LINK_STARTFILE-NOTFOUND|([^/\]+-)?ld|collect2)[^/\]*( |$)]
  ignore line: [Change Dir: /home/mateo/coding/raycaster/cmake-build-debug/CMakeFiles/CMakeTmp]
  ignore line: []
  ignore line: [Run Build Command(s):/nix/store/h4iwyl9sq4myqdji0lbfb91gv44psvyl-gnumake-4.3/bin/make -f Makefile cmTC_7f139/fast && /nix/store/h4iwyl9sq4myqdji0lbfb91gv44psvyl-gnumake-4.3/bin/make  -f CMakeFiles/cmTC_7f139.dir/build.make CMakeFiles/cmTC_7f139.dir/build]
  ignore line: [make[1]: Entering directory '/home/mateo/coding/raycaster/cmake-build-debug/CMakeFiles/CMakeTmp']
  ignore line: [Building CXX object CMakeFiles/cmTC_7f139.dir/CMakeCXXCompilerABI.cpp.o]
  ignore line: [/nix/store/gkzmfpb04ddb7phzj8g9sl6saxzprssg-gcc-wrapper-10.3.0/bin/g++   -v -o CMakeFiles/cmTC_7f139.dir/CMakeCXXCompilerABI.cpp.o -c /nix/store/dhc1knjzia7krnbrhrh2yk33nhckk88q-cmake-3.21.2/share/cmake-3.21/Modules/CMakeCXXCompilerABI.cpp]
  ignore line: [Using built-in specs.]
  ignore line: [COLLECT_GCC=/nix/store/mrqrvina0lfgrvdzfyri7sw9vxy6pyms-gcc-10.3.0/bin/g++]
  ignore line: [Target: x86_64-unknown-linux-gnu]
  ignore line: [Configured with: ]
  ignore line: [Thread model: posix]
  ignore line: [Supported LTO compression algorithms: zlib]
  ignore line: [gcc version 10.3.0 (GCC) ]
  ignore line: [COLLECT_GCC_OPTIONS='-fPIC' '-Wformat=1' '-Wformat-security' '-Werror=format-security' '-fstack-protector-strong' '--param=ssp-buffer-size=4' '-O2' '-D' '_FORTIFY_SOURCE=2' '-fno-strict-overflow' '-v' '-o' 'CMakeFiles/cmTC_7f139.dir/CMakeCXXCompilerABI.cpp.o' '-c' '-B' '/nix/store/m756011mkf1i0ki78i8y6ac3gf8qphvi-gcc-10.3.0-lib/lib' '-B' '/nix/store/vjq3q7dq8vmc13c3py97v27qwizvq7fd-glibc-2.33-59/lib/' '-idirafter' '/nix/store/12z1nc5fmif2z7wian28n55j61acbmny-glibc-2.33-59-dev/include' '-idirafter' '/nix/store/mrqrvina0lfgrvdzfyri7sw9vxy6pyms-gcc-10.3.0/lib/gcc/x86_64-unknown-linux-gnu/10.3.0/include-fixed' '-B' '/nix/store/gkzmfpb04ddb7phzj8g9sl6saxzprssg-gcc-wrapper-10.3.0/bin/' '-frandom-seed=9nmhrn2gf3' '-isystem' '/nix/store/j24l44ncxb35wpj7pgdl0gdbqb1s0zi0-fmt-8.0.1-dev/include' '-isystem' '/nix/store/jvr81blj4bqf58624b62dfiq9dgq0y4w-sfml-2.5.1/include' '-isystem' '/nix/store/j24l44ncxb35wpj7pgdl0gdbqb1s0zi0-fmt-8.0.1-dev/include' '-isystem' '/nix/store/jvr81blj4bqf58624b62dfiq9dgq0y4w-sfml-2.5.1/include' '-shared-libgcc' '-mtune=generic' '-march=x86-64' '-fcommon']
  ignore line: [ /nix/store/mrqrvina0lfgrvdzfyri7sw9vxy6pyms-gcc-10.3.0/libexec/gcc/x86_64-unknown-linux-gnu/10.3.0/cc1plus -quiet -v -D_GNU_SOURCE -D _FORTIFY_SOURCE=2 -idirafter /nix/store/12z1nc5fmif2z7wian28n55j61acbmny-glibc-2.33-59-dev/include -idirafter /nix/store/mrqrvina0lfgrvdzfyri7sw9vxy6pyms-gcc-10.3.0/lib/gcc/x86_64-unknown-linux-gnu/10.3.0/include-fixed -isystem /nix/store/j24l44ncxb35wpj7pgdl0gdbqb1s0zi0-fmt-8.0.1-dev/include -isystem /nix/store/jvr81blj4bqf58624b62dfiq9dgq0y4w-sfml-2.5.1/include -isystem /nix/store/j24l44ncxb35wpj7pgdl0gdbqb1s0zi0-fmt-8.0.1-dev/include -isystem /nix/store/jvr81blj4bqf58624b62dfiq9dgq0y4w-sfml-2.5.1/include /nix/store/dhc1knjzia7krnbrhrh2yk33nhckk88q-cmake-3.21.2/share/cmake-3.21/Modules/CMakeCXXCompilerABI.cpp -quiet -dumpbase CMakeCXXCompilerABI.cpp -mtune=generic -march=x86-64 -auxbase-strip CMakeFiles/cmTC_7f139.dir/CMakeCXXCompilerABI.cpp.o -O2 -Wformat=1 -Wformat-security -Werror=format-security -version -fPIC -fstack-protector-strong -fno-strict-overflow -frandom-seed=9nmhrn2gf3 -fcommon --param=ssp-buffer-size=4 -o /run/user/1000/ccpvc3j6.s]
  ignore line: [GNU C++14 (GCC) version 10.3.0 (x86_64-unknown-linux-gnu)]
  ignore line: [	compiled by GNU C version 10.3.0  GMP version 6.2.1  MPFR version 4.1.0  MPC version 1.2.1  isl version isl-0.20-GMP]
  ignore line: []
  ignore line: [GGC heuristics: --param ggc-min-expand=100 --param ggc-min-heapsize=131072]
  ignore line: [ignoring duplicate directory "/nix/store/j24l44ncxb35wpj7pgdl0gdbqb1s0zi0-fmt-8.0.1-dev/include"]
  ignore line: [ignoring duplicate directory "/nix/store/jvr81blj4bqf58624b62dfiq9dgq0y4w-sfml-2.5.1/include"]
  ignore line: [ignoring nonexistent directory "/nix/store/mrqrvina0lfgrvdzfyri7sw9vxy6pyms-gcc-10.3.0/lib/gcc/x86_64-unknown-linux-gnu/10.3.0/../../../../x86_64-unknown-linux-gnu/include"]
  ignore line: [ignoring duplicate directory "/nix/store/12z1nc5fmif2z7wian28n55j61acbmny-glibc-2.33-59-dev/include"]
  ignore line: [ignoring duplicate directory "/nix/store/mrqrvina0lfgrvdzfyri7sw9vxy6pyms-gcc-10.3.0/lib/gcc/x86_64-unknown-linux-gnu/10.3.0/include-fixed"]
  ignore line: [#include "..." search starts here:]
  ignore line: [#include <...> search starts here:]
  ignore line: [ /nix/store/j24l44ncxb35wpj7pgdl0gdbqb1s0zi0-fmt-8.0.1-dev/include]
  ignore line: [ /nix/store/jvr81blj4bqf58624b62dfiq9dgq0y4w-sfml-2.5.1/include]
  ignore line: [ /nix/store/mrqrvina0lfgrvdzfyri7sw9vxy6pyms-gcc-10.3.0/lib/gcc/x86_64-unknown-linux-gnu/10.3.0/../../../../include/c++/10.3.0]
  ignore line: [ /nix/store/mrqrvina0lfgrvdzfyri7sw9vxy6pyms-gcc-10.3.0/lib/gcc/x86_64-unknown-linux-gnu/10.3.0/../../../../include/c++/10.3.0/x86_64-unknown-linux-gnu]
  ignore line: [ /nix/store/mrqrvina0lfgrvdzfyri7sw9vxy6pyms-gcc-10.3.0/lib/gcc/x86_64-unknown-linux-gnu/10.3.0/../../../../include/c++/10.3.0/backward]
  ignore line: [ /nix/store/mrqrvina0lfgrvdzfyri7sw9vxy6pyms-gcc-10.3.0/lib/gcc/x86_64-unknown-linux-gnu/10.3.0/include]
  ignore line: [ /nix/store/mrqrvina0lfgrvdzfyri7sw9vxy6pyms-gcc-10.3.0/include]
  ignore line: [ /nix/store/mrqrvina0lfgrvdzfyri7sw9vxy6pyms-gcc-10.3.0/lib/gcc/x86_64-unknown-linux-gnu/10.3.0/include-fixed]
  ignore line: [ /nix/store/12z1nc5fmif2z7wian28n55j61acbmny-glibc-2.33-59-dev/include]
  ignore line: [End of search list.]
  ignore line: [GNU C++14 (GCC) version 10.3.0 (x86_64-unknown-linux-gnu)]
  ignore line: [	compiled by GNU C version 10.3.0  GMP version 6.2.1  MPFR version 4.1.0  MPC version 1.2.1  isl version isl-0.20-GMP]
  ignore line: []
  ignore line: [GGC heuristics: --param ggc-min-expand=100 --param ggc-min-heapsize=131072]
  ignore line: [Compiler executable checksum: 4a0ce8aac2a4e648e4f6e158920a3e0b]
  ignore line: [COLLECT_GCC_OPTIONS='-fPIC' '-Wformat=1' '-Wformat-security' '-Werror=format-security' '-fstack-protector-strong' '--param=ssp-buffer-size=4' '-O2' '-D' '_FORTIFY_SOURCE=2' '-fno-strict-overflow' '-v' '-o' 'CMakeFiles/cmTC_7f139.dir/CMakeCXXCompilerABI.cpp.o' '-c' '-B' '/nix/store/m756011mkf1i0ki78i8y6ac3gf8qphvi-gcc-10.3.0-lib/lib' '-B' '/nix/store/vjq3q7dq8vmc13c3py97v27qwizvq7fd-glibc-2.33-59/lib/' '-idirafter' '/nix/store/12z1nc5fmif2z7wian28n55j61acbmny-glibc-2.33-59-dev/include' '-idirafter' '/nix/store/mrqrvina0lfgrvdzfyri7sw9vxy6pyms-gcc-10.3.0/lib/gcc/x86_64-unknown-linux-gnu/10.3.0/include-fixed' '-B' '/nix/store/gkzmfpb04ddb7phzj8g9sl6saxzprssg-gcc-wrapper-10.3.0/bin/' '-frandom-seed=9nmhrn2gf3' '-isystem' '/nix/store/j24l44ncxb35wpj7pgdl0gdbqb1s0zi0-fmt-8.0.1-dev/include' '-isystem' '/nix/store/jvr81blj4bqf58624b62dfiq9dgq0y4w-sfml-2.5.1/include' '-isystem' '/nix/store/j24l44ncxb35wpj7pgdl0gdbqb1s0zi0-fmt-8.0.1-dev/include' '-isystem' '/nix/store/jvr81blj4bqf58624b62dfiq9dgq0y4w-sfml-2.5.1/include' '-shared-libgcc' '-mtune=generic' '-march=x86-64' '-fcommon']
  ignore line: [ /nix/store/gkzmfpb04ddb7phzj8g9sl6saxzprssg-gcc-wrapper-10.3.0/bin/as -v --64 -o CMakeFiles/cmTC_7f139.dir/CMakeCXXCompilerABI.cpp.o /run/user/1000/ccpvc3j6.s]
  ignore line: [GNU assembler version 2.35.2 (x86_64-unknown-linux-gnu) using BFD version (GNU Binutils) 2.35.2]
  ignore line: [COMPILER_PATH=/nix/store/m756011mkf1i0ki78i8y6ac3gf8qphvi-gcc-10.3.0-lib/lib/:/nix/store/vjq3q7dq8vmc13c3py97v27qwizvq7fd-glibc-2.33-59/lib/:/nix/store/gkzmfpb04ddb7phzj8g9sl6saxzprssg-gcc-wrapper-10.3.0/bin/:/nix/store/mrqrvina0lfgrvdzfyri7sw9vxy6pyms-gcc-10.3.0/libexec/gcc/x86_64-unknown-linux-gnu/10.3.0/:/nix/store/mrqrvina0lfgrvdzfyri7sw9vxy6pyms-gcc-10.3.0/libexec/gcc/x86_64-unknown-linux-gnu/10.3.0/:/nix/store/mrqrvina0lfgrvdzfyri7sw9vxy6pyms-gcc-10.3.0/libexec/gcc/x86_64-unknown-linux-gnu/:/nix/store/mrqrvina0lfgrvdzfyri7sw9vxy6pyms-gcc-10.3.0/lib/gcc/x86_64-unknown-linux-gnu/10.3.0/:/nix/store/mrqrvina0lfgrvdzfyri7sw9vxy6pyms-gcc-10.3.0/lib/gcc/x86_64-unknown-linux-gnu/]
  ignore line: [LIBRARY_PATH=/nix/store/m756011mkf1i0ki78i8y6ac3gf8qphvi-gcc-10.3.0-lib/lib/:/nix/store/vjq3q7dq8vmc13c3py97v27qwizvq7fd-glibc-2.33-59/lib/:/nix/store/gkzmfpb04ddb7phzj8g9sl6saxzprssg-gcc-wrapper-10.3.0/bin/:/nix/store/mrqrvina0lfgrvdzfyri7sw9vxy6pyms-gcc-10.3.0/lib/gcc/x86_64-unknown-linux-gnu/10.3.0/:/nix/store/mrqrvina0lfgrvdzfyri7sw9vxy6pyms-gcc-10.3.0/lib/gcc/x86_64-unknown-linux-gnu/10.3.0/../../../../lib64/:/nix/store/mrqrvina0lfgrvdzfyri7sw9vxy6pyms-gcc-10.3.0/lib/gcc/x86_64-unknown-linux-gnu/10.3.0/../../../]
  ignore line: [COLLECT_GCC_OPTIONS='-fPIC' '-Wformat=1' '-Wformat-security' '-Werror=format-security' '-fstack-protector-strong' '--param=ssp-buffer-size=4' '-O2' '-D' '_FORTIFY_SOURCE=2' '-fno-strict-overflow' '-v' '-o' 'CMakeFiles/cmTC_7f139.dir/CMakeCXXCompilerABI.cpp.o' '-c' '-B' '/nix/store/m756011mkf1i0ki78i8y6ac3gf8qphvi-gcc-10.3.0-lib/lib' '-B' '/nix/store/vjq3q7dq8vmc13c3py97v27qwizvq7fd-glibc-2.33-59/lib/' '-idirafter' '/nix/store/12z1nc5fmif2z7wian28n55j61acbmny-glibc-2.33-59-dev/include' '-idirafter' '/nix/store/mrqrvina0lfgrvdzfyri7sw9vxy6pyms-gcc-10.3.0/lib/gcc/x86_64-unknown-linux-gnu/10.3.0/include-fixed' '-B' '/nix/store/gkzmfpb04ddb7phzj8g9sl6saxzprssg-gcc-wrapper-10.3.0/bin/' '-frandom-seed=9nmhrn2gf3' '-isystem' '/nix/store/j24l44ncxb35wpj7pgdl0gdbqb1s0zi0-fmt-8.0.1-dev/include' '-isystem' '/nix/store/jvr81blj4bqf58624b62dfiq9dgq0y4w-sfml-2.5.1/include' '-isystem' '/nix/store/j24l44ncxb35wpj7pgdl0gdbqb1s0zi0-fmt-8.0.1-dev/include' '-isystem' '/nix/store/jvr81blj4bqf58624b62dfiq9dgq0y4w-sfml-2.5.1/include' '-shared-libgcc' '-mtune=generic' '-march=x86-64' '-fcommon']
  ignore line: [Linking CXX executable cmTC_7f139]
  ignore line: [/nix/store/dhc1knjzia7krnbrhrh2yk33nhckk88q-cmake-3.21.2/bin/cmake -E cmake_link_script CMakeFiles/cmTC_7f139.dir/link.txt --verbose=1]
  ignore line: [/nix/store/gkzmfpb04ddb7phzj8g9sl6saxzprssg-gcc-wrapper-10.3.0/bin/g++  -v CMakeFiles/cmTC_7f139.dir/CMakeCXXCompilerABI.cpp.o -o cmTC_7f139 ]
  ignore line: [Using built-in specs.]
  ignore line: [COLLECT_GCC=/nix/store/mrqrvina0lfgrvdzfyri7sw9vxy6pyms-gcc-10.3.0/bin/g++]
  ignore line: [COLLECT_LTO_WRAPPER=/nix/store/mrqrvina0lfgrvdzfyri7sw9vxy6pyms-gcc-10.3.0/libexec/gcc/x86_64-unknown-linux-gnu/10.3.0/lto-wrapper]
  ignore line: [Target: x86_64-unknown-linux-gnu]
  ignore line: [Configured with: ]
  ignore line: [Thread model: posix]
  ignore line: [Supported LTO compression algorithms: zlib]
  ignore line: [gcc version 10.3.0 (GCC) ]
  ignore line: [COMPILER_PATH=/nix/store/m756011mkf1i0ki78i8y6ac3gf8qphvi-gcc-10.3.0-lib/lib/:/nix/store/vjq3q7dq8vmc13c3py97v27qwizvq7fd-glibc-2.33-59/lib/:/nix/store/gkzmfpb04ddb7phzj8g9sl6saxzprssg-gcc-wrapper-10.3.0/bin/:/nix/store/mrqrvina0lfgrvdzfyri7sw9vxy6pyms-gcc-10.3.0/libexec/gcc/x86_64-unknown-linux-gnu/10.3.0/:/nix/store/mrqrvina0lfgrvdzfyri7sw9vxy6pyms-gcc-10.3.0/libexec/gcc/x86_64-unknown-linux-gnu/10.3.0/:/nix/store/mrqrvina0lfgrvdzfyri7sw9vxy6pyms-gcc-10.3.0/libexec/gcc/x86_64-unknown-linux-gnu/:/nix/store/mrqrvina0lfgrvdzfyri7sw9vxy6pyms-gcc-10.3.0/lib/gcc/x86_64-unknown-linux-gnu/10.3.0/:/nix/store/mrqrvina0lfgrvdzfyri7sw9vxy6pyms-gcc-10.3.0/lib/gcc/x86_64-unknown-linux-gnu/]
  ignore line: [LIBRARY_PATH=/nix/store/m756011mkf1i0ki78i8y6ac3gf8qphvi-gcc-10.3.0-lib/lib/:/nix/store/vjq3q7dq8vmc13c3py97v27qwizvq7fd-glibc-2.33-59/lib/:/nix/store/gkzmfpb04ddb7phzj8g9sl6saxzprssg-gcc-wrapper-10.3.0/bin/:/nix/store/mrqrvina0lfgrvdzfyri7sw9vxy6pyms-gcc-10.3.0/lib/gcc/x86_64-unknown-linux-gnu/10.3.0/:/nix/store/mrqrvina0lfgrvdzfyri7sw9vxy6pyms-gcc-10.3.0/lib/gcc/x86_64-unknown-linux-gnu/10.3.0/../../../../lib64/:/nix/store/mrqrvina0lfgrvdzfyri7sw9vxy6pyms-gcc-10.3.0/lib/gcc/x86_64-unknown-linux-gnu/10.3.0/../../../]
  ignore line: [COLLECT_GCC_OPTIONS='-fPIC' '-Wformat=1' '-Wformat-security' '-Werror=format-security' '-fstack-protector-strong' '--param=ssp-buffer-size=4' '-O2' '-D' '_FORTIFY_SOURCE=2' '-fno-strict-overflow' '-v' '-o' 'cmTC_7f139' '-B' '/nix/store/m756011mkf1i0ki78i8y6ac3gf8qphvi-gcc-10.3.0-lib/lib' '-B' '/nix/store/vjq3q7dq8vmc13c3py97v27qwizvq7fd-glibc-2.33-59/lib/' '-idirafter' '/nix/store/12z1nc5fmif2z7wian28n55j61acbmny-glibc-2.33-59-dev/include' '-idirafter' '/nix/store/mrqrvina0lfgrvdzfyri7sw9vxy6pyms-gcc-10.3.0/lib/gcc/x86_64-unknown-linux-gnu/10.3.0/include-fixed' '-B' '/nix/store/gkzmfpb04ddb7phzj8g9sl6saxzprssg-gcc-wrapper-10.3.0/bin/' '-frandom-seed=9nmhrn2gf3' '-isystem' '/nix/store/j24l44ncxb35wpj7pgdl0gdbqb1s0zi0-fmt-8.0.1-dev/include' '-isystem' '/nix/store/jvr81blj4bqf58624b62dfiq9dgq0y4w-sfml-2.5.1/include' '-isystem' '/nix/store/j24l44ncxb35wpj7pgdl0gdbqb1s0zi0-fmt-8.0.1-dev/include' '-isystem' '/nix/store/jvr81blj4bqf58624b62dfiq9dgq0y4w-sfml-2.5.1/include' '-L/nix/store/ds6a2im7vl67bsrcpw4av19kia7cwnm8-fmt-8.0.1/lib' '-L/nix/store/jvr81blj4bqf58624b62dfiq9dgq0y4w-sfml-2.5.1/lib' '-L/nix/store/ds6a2im7vl67bsrcpw4av19kia7cwnm8-fmt-8.0.1/lib' '-L/nix/store/jvr81blj4bqf58624b62dfiq9dgq0y4w-sfml-2.5.1/lib' '-L/nix/store/vjq3q7dq8vmc13c3py97v27qwizvq7fd-glibc-2.33-59/lib' '-L/nix/store/m756011mkf1i0ki78i8y6ac3gf8qphvi-gcc-10.3.0-lib/lib' '-shared-libgcc' '-mtune=generic' '-march=x86-64' '-fcommon']
  link line: [ /nix/store/mrqrvina0lfgrvdzfyri7sw9vxy6pyms-gcc-10.3.0/libexec/gcc/x86_64-unknown-linux-gnu/10.3.0/collect2 -plugin /nix/store/mrqrvina0lfgrvdzfyri7sw9vxy6pyms-gcc-10.3.0/libexec/gcc/x86_64-unknown-linux-gnu/10.3.0/liblto_plugin.so -plugin-opt=/nix/store/mrqrvina0lfgrvdzfyri7sw9vxy6pyms-gcc-10.3.0/libexec/gcc/x86_64-unknown-linux-gnu/10.3.0/lto-wrapper -plugin-opt=-fresolution=/run/user/1000/ccgU0FqX.res -plugin-opt=-pass-through=-lgcc_s -plugin-opt=-pass-through=-lgcc -plugin-opt=-pass-through=-lc -plugin-opt=-pass-through=-lgcc_s -plugin-opt=-pass-through=-lgcc --eh-frame-hdr -m elf_x86_64 -dynamic-linker /nix/store/vjq3q7dq8vmc13c3py97v27qwizvq7fd-glibc-2.33-59/lib64/ld-linux-x86-64.so.2 -o cmTC_7f139 /nix/store/vjq3q7dq8vmc13c3py97v27qwizvq7fd-glibc-2.33-59/lib/crt1.o /nix/store/vjq3q7dq8vmc13c3py97v27qwizvq7fd-glibc-2.33-59/lib/crti.o /nix/store/mrqrvina0lfgrvdzfyri7sw9vxy6pyms-gcc-10.3.0/lib/gcc/x86_64-unknown-linux-gnu/10.3.0/crtbegin.o -L/nix/store/ds6a2im7vl67bsrcpw4av19kia7cwnm8-fmt-8.0.1/lib -L/nix/store/jvr81blj4bqf58624b62dfiq9dgq0y4w-sfml-2.5.1/lib -L/nix/store/ds6a2im7vl67bsrcpw4av19kia7cwnm8-fmt-8.0.1/lib -L/nix/store/jvr81blj4bqf58624b62dfiq9dgq0y4w-sfml-2.5.1/lib -L/nix/store/vjq3q7dq8vmc13c3py97v27qwizvq7fd-glibc-2.33-59/lib -L/nix/store/m756011mkf1i0ki78i8y6ac3gf8qphvi-gcc-10.3.0-lib/lib -L/nix/store/m756011mkf1i0ki78i8y6ac3gf8qphvi-gcc-10.3.0-lib/lib -L/nix/store/vjq3q7dq8vmc13c3py97v27qwizvq7fd-glibc-2.33-59/lib -L/nix/store/gkzmfpb04ddb7phzj8g9sl6saxzprssg-gcc-wrapper-10.3.0/bin -L/nix/store/mrqrvina0lfgrvdzfyri7sw9vxy6pyms-gcc-10.3.0/lib/gcc/x86_64-unknown-linux-gnu/10.3.0 -L/nix/store/mrqrvina0lfgrvdzfyri7sw9vxy6pyms-gcc-10.3.0/lib/gcc/x86_64-unknown-linux-gnu/10.3.0/../../../../lib64 -L/nix/store/mrqrvina0lfgrvdzfyri7sw9vxy6pyms-gcc-10.3.0/lib/gcc/x86_64-unknown-linux-gnu/10.3.0/../../.. -dynamic-linker=/nix/store/vjq3q7dq8vmc13c3py97v27qwizvq7fd-glibc-2.33-59/lib/ld-linux-x86-64.so.2 CMakeFiles/cmTC_7f139.dir/CMakeCXXCompilerABI.cpp.o -rpath /nix/store/9nmhrn2gf3x81ch64407qdpm2z7gvgii-nix-shell/lib64 -rpath /nix/store/9nmhrn2gf3x81ch64407qdpm2z7gvgii-nix-shell/lib -lstdc++ -lm -lgcc_s -lgcc -lc -lgcc_s -lgcc /nix/store/mrqrvina0lfgrvdzfyri7sw9vxy6pyms-gcc-10.3.0/lib/gcc/x86_64-unknown-linux-gnu/10.3.0/crtend.o /nix/store/vjq3q7dq8vmc13c3py97v27qwizvq7fd-glibc-2.33-59/lib/crtn.o]
    arg [/nix/store/mrqrvina0lfgrvdzfyri7sw9vxy6pyms-gcc-10.3.0/libexec/gcc/x86_64-unknown-linux-gnu/10.3.0/collect2] ==> ignore
    arg [-plugin] ==> ignore
    arg [/nix/store/mrqrvina0lfgrvdzfyri7sw9vxy6pyms-gcc-10.3.0/libexec/gcc/x86_64-unknown-linux-gnu/10.3.0/liblto_plugin.so] ==> ignore
    arg [-plugin-opt=/nix/store/mrqrvina0lfgrvdzfyri7sw9vxy6pyms-gcc-10.3.0/libexec/gcc/x86_64-unknown-linux-gnu/10.3.0/lto-wrapper] ==> ignore
    arg [-plugin-opt=-fresolution=/run/user/1000/ccgU0FqX.res] ==> ignore
    arg [-plugin-opt=-pass-through=-lgcc_s] ==> ignore
    arg [-plugin-opt=-pass-through=-lgcc] ==> ignore
    arg [-plugin-opt=-pass-through=-lc] ==> ignore
    arg [-plugin-opt=-pass-through=-lgcc_s] ==> ignore
    arg [-plugin-opt=-pass-through=-lgcc] ==> ignore
    arg [--eh-frame-hdr] ==> ignore
    arg [-m] ==> ignore
    arg [elf_x86_64] ==> ignore
    arg [-dynamic-linker] ==> ignore
    arg [/nix/store/vjq3q7dq8vmc13c3py97v27qwizvq7fd-glibc-2.33-59/lib64/ld-linux-x86-64.so.2] ==> ignore
    arg [-o] ==> ignore
    arg [cmTC_7f139] ==> ignore
    arg [/nix/store/vjq3q7dq8vmc13c3py97v27qwizvq7fd-glibc-2.33-59/lib/crt1.o] ==> obj [/nix/store/vjq3q7dq8vmc13c3py97v27qwizvq7fd-glibc-2.33-59/lib/crt1.o]
    arg [/nix/store/vjq3q7dq8vmc13c3py97v27qwizvq7fd-glibc-2.33-59/lib/crti.o] ==> obj [/nix/store/vjq3q7dq8vmc13c3py97v27qwizvq7fd-glibc-2.33-59/lib/crti.o]
    arg [/nix/store/mrqrvina0lfgrvdzfyri7sw9vxy6pyms-gcc-10.3.0/lib/gcc/x86_64-unknown-linux-gnu/10.3.0/crtbegin.o] ==> obj [/nix/store/mrqrvina0lfgrvdzfyri7sw9vxy6pyms-gcc-10.3.0/lib/gcc/x86_64-unknown-linux-gnu/10.3.0/crtbegin.o]
    arg [-L/nix/store/ds6a2im7vl67bsrcpw4av19kia7cwnm8-fmt-8.0.1/lib] ==> dir [/nix/store/ds6a2im7vl67bsrcpw4av19kia7cwnm8-fmt-8.0.1/lib]
    arg [-L/nix/store/jvr81blj4bqf58624b62dfiq9dgq0y4w-sfml-2.5.1/lib] ==> dir [/nix/store/jvr81blj4bqf58624b62dfiq9dgq0y4w-sfml-2.5.1/lib]
    arg [-L/nix/store/ds6a2im7vl67bsrcpw4av19kia7cwnm8-fmt-8.0.1/lib] ==> dir [/nix/store/ds6a2im7vl67bsrcpw4av19kia7cwnm8-fmt-8.0.1/lib]
    arg [-L/nix/store/jvr81blj4bqf58624b62dfiq9dgq0y4w-sfml-2.5.1/lib] ==> dir [/nix/store/jvr81blj4bqf58624b62dfiq9dgq0y4w-sfml-2.5.1/lib]
    arg [-L/nix/store/vjq3q7dq8vmc13c3py97v27qwizvq7fd-glibc-2.33-59/lib] ==> dir [/nix/store/vjq3q7dq8vmc13c3py97v27qwizvq7fd-glibc-2.33-59/lib]
    arg [-L/nix/store/m756011mkf1i0ki78i8y6ac3gf8qphvi-gcc-10.3.0-lib/lib] ==> dir [/nix/store/m756011mkf1i0ki78i8y6ac3gf8qphvi-gcc-10.3.0-lib/lib]
    arg [-L/nix/store/m756011mkf1i0ki78i8y6ac3gf8qphvi-gcc-10.3.0-lib/lib] ==> dir [/nix/store/m756011mkf1i0ki78i8y6ac3gf8qphvi-gcc-10.3.0-lib/lib]
    arg [-L/nix/store/vjq3q7dq8vmc13c3py97v27qwizvq7fd-glibc-2.33-59/lib] ==> dir [/nix/store/vjq3q7dq8vmc13c3py97v27qwizvq7fd-glibc-2.33-59/lib]
    arg [-L/nix/store/gkzmfpb04ddb7phzj8g9sl6saxzprssg-gcc-wrapper-10.3.0/bin] ==> dir [/nix/store/gkzmfpb04ddb7phzj8g9sl6saxzprssg-gcc-wrapper-10.3.0/bin]
    arg [-L/nix/store/mrqrvina0lfgrvdzfyri7sw9vxy6pyms-gcc-10.3.0/lib/gcc/x86_64-unknown-linux-gnu/10.3.0] ==> dir [/nix/store/mrqrvina0lfgrvdzfyri7sw9vxy6pyms-gcc-10.3.0/lib/gcc/x86_64-unknown-linux-gnu/10.3.0]
    arg [-L/nix/store/mrqrvina0lfgrvdzfyri7sw9vxy6pyms-gcc-10.3.0/lib/gcc/x86_64-unknown-linux-gnu/10.3.0/../../../../lib64] ==> dir [/nix/store/mrqrvina0lfgrvdzfyri7sw9vxy6pyms-gcc-10.3.0/lib/gcc/x86_64-unknown-linux-gnu/10.3.0/../../../../lib64]
    arg [-L/nix/store/mrqrvina0lfgrvdzfyri7sw9vxy6pyms-gcc-10.3.0/lib/gcc/x86_64-unknown-linux-gnu/10.3.0/../../..] ==> dir [/nix/store/mrqrvina0lfgrvdzfyri7sw9vxy6pyms-gcc-10.3.0/lib/gcc/x86_64-unknown-linux-gnu/10.3.0/../../..]
    arg [-dynamic-linker=/nix/store/vjq3q7dq8vmc13c3py97v27qwizvq7fd-glibc-2.33-59/lib/ld-linux-x86-64.so.2] ==> ignore
    arg [CMakeFiles/cmTC_7f139.dir/CMakeCXXCompilerABI.cpp.o] ==> ignore
    arg [-rpath] ==> ignore
    arg [/nix/store/9nmhrn2gf3x81ch64407qdpm2z7gvgii-nix-shell/lib64] ==> ignore
    arg [-rpath] ==> ignore
    arg [/nix/store/9nmhrn2gf3x81ch64407qdpm2z7gvgii-nix-shell/lib] ==> ignore
    arg [-lstdc++] ==> lib [stdc++]
    arg [-lm] ==> lib [m]
    arg [-lgcc_s] ==> lib [gcc_s]
    arg [-lgcc] ==> lib [gcc]
    arg [-lc] ==> lib [c]
    arg [-lgcc_s] ==> lib [gcc_s]
    arg [-lgcc] ==> lib [gcc]
    arg [/nix/store/mrqrvina0lfgrvdzfyri7sw9vxy6pyms-gcc-10.3.0/lib/gcc/x86_64-unknown-linux-gnu/10.3.0/crtend.o] ==> obj [/nix/store/mrqrvina0lfgrvdzfyri7sw9vxy6pyms-gcc-10.3.0/lib/gcc/x86_64-unknown-linux-gnu/10.3.0/crtend.o]
    arg [/nix/store/vjq3q7dq8vmc13c3py97v27qwizvq7fd-glibc-2.33-59/lib/crtn.o] ==> obj [/nix/store/vjq3q7dq8vmc13c3py97v27qwizvq7fd-glibc-2.33-59/lib/crtn.o]
  collapse library dir [/nix/store/ds6a2im7vl67bsrcpw4av19kia7cwnm8-fmt-8.0.1/lib] ==> [/nix/store/ds6a2im7vl67bsrcpw4av19kia7cwnm8-fmt-8.0.1/lib]
  collapse library dir [/nix/store/jvr81blj4bqf58624b62dfiq9dgq0y4w-sfml-2.5.1/lib] ==> [/nix/store/jvr81blj4bqf58624b62dfiq9dgq0y4w-sfml-2.5.1/lib]
  collapse library dir [/nix/store/ds6a2im7vl67bsrcpw4av19kia7cwnm8-fmt-8.0.1/lib] ==> [/nix/store/ds6a2im7vl67bsrcpw4av19kia7cwnm8-fmt-8.0.1/lib]
  collapse library dir [/nix/store/jvr81blj4bqf58624b62dfiq9dgq0y4w-sfml-2.5.1/lib] ==> [/nix/store/jvr81blj4bqf58624b62dfiq9dgq0y4w-sfml-2.5.1/lib]
  collapse library dir [/nix/store/vjq3q7dq8vmc13c3py97v27qwizvq7fd-glibc-2.33-59/lib] ==> [/nix/store/vjq3q7dq8vmc13c3py97v27qwizvq7fd-glibc-2.33-59/lib]
  collapse library dir [/nix/store/m756011mkf1i0ki78i8y6ac3gf8qphvi-gcc-10.3.0-lib/lib] ==> [/nix/store/m756011mkf1i0ki78i8y6ac3gf8qphvi-gcc-10.3.0-lib/lib]
  collapse library dir [/nix/store/m756011mkf1i0ki78i8y6ac3gf8qphvi-gcc-10.3.0-lib/lib] ==> [/nix/store/m756011mkf1i0ki78i8y6ac3gf8qphvi-gcc-10.3.0-lib/lib]
  collapse library dir [/nix/store/vjq3q7dq8vmc13c3py97v27qwizvq7fd-glibc-2.33-59/lib] ==> [/nix/store/vjq3q7dq8vmc13c3py97v27qwizvq7fd-glibc-2.33-59/lib]
  collapse library dir [/nix/store/gkzmfpb04ddb7phzj8g9sl6saxzprssg-gcc-wrapper-10.3.0/bin] ==> [/nix/store/gkzmfpb04ddb7phzj8g9sl6saxzprssg-gcc-wrapper-10.3.0/bin]
  collapse library dir [/nix/store/mrqrvina0lfgrvdzfyri7sw9vxy6pyms-gcc-10.3.0/lib/gcc/x86_64-unknown-linux-gnu/10.3.0] ==> [/nix/store/mrqrvina0lfgrvdzfyri7sw9vxy6pyms-gcc-10.3.0/lib/gcc/x86_64-unknown-linux-gnu/10.3.0]
  collapse library dir [/nix/store/mrqrvina0lfgrvdzfyri7sw9vxy6pyms-gcc-10.3.0/lib/gcc/x86_64-unknown-linux-gnu/10.3.0/../../../../lib64] ==> [/nix/store/mrqrvina0lfgrvdzfyri7sw9vxy6pyms-gcc-10.3.0/lib64]
  collapse library dir [/nix/store/mrqrvina0lfgrvdzfyri7sw9vxy6pyms-gcc-10.3.0/lib/gcc/x86_64-unknown-linux-gnu/10.3.0/../../..] ==> [/nix/store/mrqrvina0lfgrvdzfyri7sw9vxy6pyms-gcc-10.3.0/lib]
  implicit libs: [stdc++;m;gcc_s;gcc;c;gcc_s;gcc]
  implicit objs: [/nix/store/vjq3q7dq8vmc13c3py97v27qwizvq7fd-glibc-2.33-59/lib/crt1.o;/nix/store/vjq3q7dq8vmc13c3py97v27qwizvq7fd-glibc-2.33-59/lib/crti.o;/nix/store/mrqrvina0lfgrvdzfyri7sw9vxy6pyms-gcc-10.3.0/lib/gcc/x86_64-unknown-linux-gnu/10.3.0/crtbegin.o;/nix/store/mrqrvina0lfgrvdzfyri7sw9vxy6pyms-gcc-10.3.0/lib/gcc/x86_64-unknown-linux-gnu/10.3.0/crtend.o;/nix/store/vjq3q7dq8vmc13c3py97v27qwizvq7fd-glibc-2.33-59/lib/crtn.o]
  implicit dirs: [/nix/store/ds6a2im7vl67bsrcpw4av19kia7cwnm8-fmt-8.0.1/lib;/nix/store/jvr81blj4bqf58624b62dfiq9dgq0y4w-sfml-2.5.1/lib;/nix/store/vjq3q7dq8vmc13c3py97v27qwizvq7fd-glibc-2.33-59/lib;/nix/store/m756011mkf1i0ki78i8y6ac3gf8qphvi-gcc-10.3.0-lib/lib;/nix/store/gkzmfpb04ddb7phzj8g9sl6saxzprssg-gcc-wrapper-10.3.0/bin;/nix/store/mrqrvina0lfgrvdzfyri7sw9vxy6pyms-gcc-10.3.0/lib/gcc/x86_64-unknown-linux-gnu/10.3.0;/nix/store/mrqrvina0lfgrvdzfyri7sw9vxy6pyms-gcc-10.3.0/lib64;/nix/store/mrqrvina0lfgrvdzfyri7sw9vxy6pyms-gcc-10.3.0/lib]
  implicit fwks: []


